2024-07-18 20:03:14,876 [INFO] MainUpdater:2873 - connection check result : 10
2024-07-18 20:03:14,886 [INFO] McuFinderGlobals:76 - Set McuFinderConnectedMode to true
2024-07-18 20:03:15,258 [INFO] ServerAccessManage:473 - Download File mcusAds.json._tmp_
2024-07-18 20:03:15,362 [INFO] LoadUrlFilesThread:156 - End of LoadUrlFiles Thread
2024-07-18 20:03:15,610 [INFO] ServerAccessManage:473 - Download File cube-finder-db.zip
2024-07-18 20:03:20,784 [INFO] FileExtend:240 - Unzip File : cube-finder-db.zip
2024-07-18 20:03:20,785 [INFO] FileExtend:255 - Standard Zip Deflate
2024-07-18 20:03:21,852 [INFO] LoadUrlFilesThread:156 - End of LoadUrlFiles Thread
2024-07-18 20:03:22,217 [INFO] ServerAccessManage:473 - Download File crdb.zip
2024-07-18 20:03:22,404 [INFO] FileExtend:240 - Unzip File : crdb.zip
2024-07-18 20:03:22,404 [INFO] FileExtend:255 - Standard Zip Deflate
2024-07-18 20:03:22,564 [INFO] LoadUrlFilesThread:156 - End of LoadUrlFiles Thread
2024-07-18 20:03:22,716 [INFO] ServerAccessManage:473 - Download File tutoVideoDB.zip
2024-07-18 20:03:22,733 [INFO] FileExtend:240 - Unzip File : tutoVideoDB.zip
2024-07-18 20:03:22,733 [INFO] FileExtend:255 - Standard Zip Deflate
2024-07-18 20:03:22,846 [INFO] LoadUrlFilesThread:156 - End of LoadUrlFiles Thread
2024-07-18 20:03:22,853 [WARN] DbFile:41 - Overriding database path with different value: /home/rahul/.stmcufinder/plugins/mcufinder/ => /home/rahul/.stmcufinder/plugins/mcufinder
2024-07-18 20:03:22,983 [INFO] ServerAccessManage:473 - Download File api_config.json
2024-07-18 20:03:23,086 [INFO] LoadUrlFilesThread:156 - End of LoadUrlFiles Thread
2024-07-18 20:03:23,093 [INFO] DbMcusAds:53 - JSON generation date=Thu May 16 11:22:01 CEST 2024 (1715851321109)
2024-07-18 20:03:23,095 [INFO] ApiDb:448 - Save user favorites file /home/rahul/.stm32cubeide/favorites.mcus.txt: 0 item(s)
2024-07-18 20:03:23,095 [INFO] ApiDb:452 - User favorites MCUs=[]
2024-07-18 20:03:23,182 [INFO] ApiDb:581 - Connected to CubeFinder SQLite database (/home/rahul/.stmcufinder/plugins/mcufinder/mcu/cube-finder-db.db)
2024-07-18 20:03:23,267 [INFO] ApiDb:668 - CubeFinder database Data Model version=2.1
2024-07-18 20:03:23,267 [INFO] ApiDb:669 - CubeFinder database Configuration version=3.0.39
2024-07-18 20:03:23,267 [INFO] ApiDb:670 - CubeFinder database generation date=2024-06-20 (1718880634)
2024-07-18 20:03:23,267 [INFO] ApiDb:671 - CubeFinder database FW Pack versions=[FP-ATR-ASTRA1_V2.0.0, FP-SNS-FLIGHT1_V5.0.2, FP-SNS-MOTENV1_V5.0.0, FP-SNS-MOTENVWB1_V1.4.0, FP-SNS-SMARTAG2_V1.2.0, STM32Cube_FW_C0_V1.2.0, STM32Cube_FW_F4_V1.28.0, STM32Cube_FW_F7_V1.17.2, STM32Cube_FW_G0_V1.6.2, STM32Cube_FW_G4_V1.6.0, STM32Cube_FW_H5_V1.3.0, STM32Cube_FW_H7RS_V1.1.0, STM32Cube_FW_H7_V1.11.2, STM32Cube_FW_L0_V1.12.2, STM32Cube_FW_L5_V1.5.1, STM32Cube_FW_U0_V1.1.0, STM32Cube_FW_U5_V1.6.0, STM32Cube_FW_WB0_V1.0.0, STM32Cube_FW_WBA_V1.4.0, STM32Cube_FW_WB_V1.20.0, STM32Cube_FW_WL_V1.3.0, X-CUBE-ALGOBUILD_V1.4.0, X-CUBE-ALS_V1.0.2, X-CUBE-AZRTOS-F4_V1.1.0, X-CUBE-AZRTOS-F7_V1.1.0, X-CUBE-AZRTOS-G0_V1.1.0, X-CUBE-AZRTOS-G4_V2.0.0, X-CUBE-AZRTOS-H7RS_V1.0.0, X-CUBE-AZRTOS-H7_V3.2.0, X-CUBE-AZRTOS-L4_V2.0.0, X-CUBE-AZRTOS-L5_V1.1.0, X-CUBE-AZRTOS-WB_V2.0.0, X-CUBE-AZRTOS-WL_V2.0.0, X-CUBE-BLE1_V7.0.0, X-CUBE-BLE2_V3.3.0, X-CUBE-BLEMGR_V3.1.0, X-CUBE-EEPRMA1_V5.1.0, X-CUBE-FREERTOS_V1.2.0, X-CUBE-GNSS1_V6.0.0, X-CUBE-MEMS1_V10.0.0, X-CUBE-NFC4_V3.0.0, X-CUBE-NFC7_V1.0.1, X-CUBE-SFXS2LP1_V4.0.0, X-CUBE-SUBG2_V5.0.0, X-CUBE-TOF1_V3.4.1]
2024-07-18 20:03:25,652 [INFO] ApiDb:240 - Found 483 in-development CPN: [B-G473E-ZEST1S, B-WB1M-WPAN1, B-WL5M-SUBG1, NUCLEO-C031C6, NUCLEO-H503RB, NUCLEO-H533RE, NUCLEO-H563ZI, NUCLEO-H7S3L8, NUCLEO-U031R8, NUCLEO-U083RC, NUCLEO-U545RE-Q, NUCLEO-U5A5ZJ-Q, NUCLEO-WBA52CG, NUCLEO-WBA55CG, STEVAL-PROTEUS1, STEVAL-SMARTAG2, STEVAL-STWINBX1, STM320518-EVAL, STM32C0116-DK, STM32C011D6Y3TR, STM32C011D6Y6TR, STM32C011F4P3, STM32C011F4P6, STM32C011F4U3, STM32C011F4U6TR, STM32C011F6P3, STM32C011F6P6, STM32C011F6U3, STM32C011F6U6TR, STM32C011J4M3, STM32C011J4M6, STM32C011J6M3, STM32C011J6M6, STM32C0316-DK, STM32C031C4T3, STM32C031C4T6, STM32C031C4U3, STM32C031C4U6, STM32C031C6T3, STM32C031C6T6, STM32C031C6U3, STM32C031C6U6, STM32C031F4P3, STM32C031F4P6, STM32C031F6P3, STM32C031F6P6, STM32C031G4U3, STM32C031G4U6, STM32C031G6U3, STM32C031G6U6, STM32C031K4T3, STM32C031K4T6, STM32C031K4U3, STM32C031K4U6, STM32C031K6T3, STM32C031K6T6, STM32C031K6U3, STM32C031K6U6, STM32G071K8TXN, STM32G071K8UXN, STM32G081GBU6N, STM32G081KBT6N, STM32G081KBUXN, STM32G0B1CCT6N, STM32G0B1KCT6, STM32G0B1NEY6TR, STM32G0B1RCT6N, STM32G0C1CCT6, STM32G0C1CCT6N, STM32G0C1CCU6N, STM32G0C1CET6N, STM32G0C1CEU6N, STM32G0C1KCT6, STM32G0C1NEY6TR, STM32G0C1RCI6N, STM32G0C1RCT6N, STM32G0C1REI6N, STM32G0C1RET6N, STM32G0C1VCI6, STM32G0C1VEI6, STM32G471CCT6, STM32G471CCU6, STM32G471CET3, STM32G471CET6, STM32G471CEU3, STM32G471CEU6, STM32G471MCT6, STM32G471MET3, STM32G471MET6, STM32G471MEY6TR, STM32G471QCT6, STM32G471QET3, STM32G471RCT6, STM32G471RET3, STM32G471RET6, STM32G471VCH6, STM32G471VCI6, STM32G471VCT6, STM32G471VEH3, STM32G471VEH6, STM32G471VEI3, STM32G471VEI6, STM32G471VET3, STM32G471VET6, STM32G474CCT6, STM32H503CBT6, STM32H503CBU6, STM32H503EBY6TR, STM32H503KBU6, STM32H503RBT6, STM32H523CCT6, STM32H523CCU6, STM32H523CET6, STM32H523CEU6, STM32H523HEY6TR, STM32H523RCT6, STM32H523RET6, STM32H523VCI6, STM32H523VCT6, STM32H523VEI6, STM32H523VET6, STM32H523ZCJ6, STM32H523ZCT6, STM32H523ZEJ6, STM32H523ZET6, STM32H533CET6, STM32H533CEU6, STM32H533HEY6TR, STM32H533RET6, STM32H533VEI6, STM32H533VET6, STM32H533ZEJ6, STM32H533ZET6, STM32H562AGI6, STM32H562AII6, STM32H562IGK6, STM32H562IGT6, STM32H562IIK6, STM32H562IIT6, STM32H562RGT6, STM32H562RGV6, STM32H562RIT6, STM32H562RIV6, STM32H562VGT6, STM32H562VIT6, STM32H562ZGT6, STM32H562ZIT6, STM32H563AGI6, STM32H563AII3Q, STM32H563AII6, STM32H563IGK6, STM32H563IGT6, STM32H563IIK3Q, STM32H563IIK6, STM32H563IIT3Q, STM32H563IIT6, STM32H563MIY3QTR, STM32H563RGT6, STM32H563RGV6, STM32H563RIT6, STM32H563RIV6, STM32H563VGT6, STM32H563VIT3Q, STM32H563VIT6, STM32H563ZGT6, STM32H563ZIT3Q, STM32H563ZIT6, STM32H573AII3Q, STM32H573AII6, STM32H573I-DK, STM32H573IIK3Q, STM32H573IIK6, STM32H573IIT3Q, STM32H573IIT6, STM32H573MIY3QTR, STM32H573RIT6, STM32H573RIV6, STM32H573VIT3Q, STM32H573VIT6, STM32H573ZIT3Q, STM32H573ZIT6, STM32H7R3A8I6, STM32H7R3I8K6, STM32H7R3I8T6, STM32H7R3L8H6, STM32H7R3L8H6H, STM32H7R3R8V6, STM32H7R3V8H6, STM32H7R3V8T6, STM32H7R3V8Y6, STM32H7R3Z8J6, STM32H7R3Z8T6, STM32H7R7A8I6, STM32H7R7I8K6, STM32H7R7I8T6, STM32H7R7L8H6, STM32H7R7L8H6H, STM32H7R7Z8J6, STM32H7S3A8I6, STM32H7S3I8K6, STM32H7S3I8T6, STM32H7S3L8H6, STM32H7S3L8H6H, STM32H7S3R8V6, STM32H7S3V8H6, STM32H7S3V8T6, STM32H7S3V8Y6, STM32H7S3Z8J6, STM32H7S3Z8T6, STM32H7S78-DK, STM32H7S7A8I6, STM32H7S7I8K6, STM32H7S7I8T6, STM32H7S7L8H6, STM32H7S7L8H6H, STM32H7S7Z8J6, STM32L4R5QGI6STR, STM32MP131AAE3, STM32MP131AAF3, STM32MP131AAG3, STM32MP131CAE3, STM32MP131CAF3, STM32MP131CAG3, STM32MP131DAE7, STM32MP131DAF7, STM32MP131DAG7, STM32MP131FAE7, STM32MP131FAF7, STM32MP131FAG7, STM32MP133AAE3, STM32MP133AAF3, STM32MP133AAG3, STM32MP133CAE3, STM32MP133CAF3, STM32MP133CAG3, STM32MP133DAE7, STM32MP133DAF7, STM32MP133DAG7, STM32MP133FAE7, STM32MP133FAF7, STM32MP133FAG7, STM32MP135AAE3, STM32MP135AAF3, STM32MP135AAG3, STM32MP135CAE3, STM32MP135CAF3, STM32MP135CAG3, STM32MP135DAE7, STM32MP135DAF7, STM32MP135DAG7, STM32MP135F-DK, STM32MP135FAE7, STM32MP135FAF7, STM32MP135FAF7T, STM32MP135FAF7U, STM32MP135FAG7, STM32U031C6T6, STM32U031C6U6, STM32U031C8T6, STM32U031C8U6, STM32U031F4P6, STM32U031F6P6, STM32U031F8P6, STM32U031G6Y6TR, STM32U031G8Y6TR, STM32U031K4U6, STM32U031K6U6, STM32U031K8U6, STM32U031R6I6, STM32U031R6T6, STM32U031R8I6, STM32U031R8T6, STM32U073C8T6, STM32U073C8U6, STM32U073CBT6, STM32U073CBU6, STM32U073CCT6, STM32U073CCU6, STM32U073H8Y6TR, STM32U073HBY6TR, STM32U073HCY6TR, STM32U073K8U6, STM32U073KBU6, STM32U073KCU6, STM32U073M8I6, STM32U073M8T6, STM32U073MBI6, STM32U073MBT6, STM32U073MCI6, STM32U073MCT6, STM32U073R8I6, STM32U073R8T6, STM32U073RBI6, STM32U073RBT6, STM32U073RCI6, STM32U073RCT6, STM32U083C-DK, STM32U083CCT6, STM32U083CCU6, STM32U083HCY6TR, STM32U083KCU6, STM32U083MCI6, STM32U083MCT6, STM32U083RCI6, STM32U083RCT6, STM32U535CBT6, STM32U535CBT6Q, STM32U535CBU6, STM32U535CBU6Q, STM32U535CCT6, STM32U535CCT6Q, STM32U535CCU6, STM32U535CCU6Q, STM32U535CET6, STM32U535CET6Q, STM32U535CEU6, STM32U535CEU6Q, STM32U535JEY6QTR, STM32U535NCY6QTR, STM32U535NEY6QTR, STM32U535RBI6, STM32U535RBI6Q, STM32U535RBT6, STM32U535RBT6Q, STM32U535RCI6, STM32U535RCI6Q, STM32U535RCT6, STM32U535RCT6Q, STM32U535REI6, STM32U535REI6Q, STM32U535RET6, STM32U535RET6Q, STM32U535VCI6, STM32U535VCI6Q, STM32U535VCT6, STM32U535VCT6Q, STM32U535VEI6, STM32U535VEI6Q, STM32U535VET6, STM32U535VET6Q, STM32U545CET6, STM32U545CET6Q, STM32U545CEU6, STM32U545CEU6Q, STM32U545JEY6QTR, STM32U545NEY6QTR, STM32U545REI6, STM32U545REI6Q, STM32U545RET6, STM32U545RET6Q, STM32U545VEI6, STM32U545VEI6Q, STM32U545VET6, STM32U545VET6Q, STM32U595AIH6, STM32U595AIH6Q, STM32U595AJH6, STM32U595AJH6Q, STM32U595QII6, STM32U595QII6Q, STM32U595QJI6, STM32U595QJI6Q, STM32U595RIT6, STM32U595RIT6Q, STM32U595RJT6, STM32U595RJT6Q, STM32U595VIT6, STM32U595VIT6Q, STM32U595VJT6, STM32U595VJT6Q, STM32U595ZIT6, STM32U595ZIT6Q, STM32U595ZIY6QTR, STM32U595ZJT6, STM32U595ZJT6Q, STM32U595ZJY6QTR, STM32U599BJY6QTR, STM32U599NIH6Q, STM32U599NJH6Q, STM32U599VIT6Q, STM32U599VJT6, STM32U599VJT6Q, STM32U599ZIT6Q, STM32U599ZIY6QTR, STM32U599ZJT6Q, STM32U599ZJY6QTR, STM32U5A5AJH6, STM32U5A5AJH6Q, STM32U5A5QII3Q , STM32U5A5QJI6, STM32U5A5QJI6Q, STM32U5A5RJT6, STM32U5A5RJT6Q, STM32U5A5VJT6, STM32U5A5VJT6Q, STM32U5A5ZJT6, STM32U5A5ZJT6Q, STM32U5A5ZJY6QTR, STM32U5A9BJY6QTR, STM32U5A9J-DK, STM32U5A9NJH6Q, STM32U5A9VJT6Q, STM32U5A9ZJT6Q, STM32U5A9ZJY6QTR, STM32U5F7VIT6, STM32U5F7VIT6Q, STM32U5F7VJT6, STM32U5F7VJT6Q, STM32U5F9BJY6QTR, STM32U5F9NJH6Q, STM32U5F9VIT6Q, STM32U5F9VJT6Q, STM32U5F9ZIJ6QTR, STM32U5F9ZIT6Q, STM32U5F9ZJJ6QTR, STM32U5F9ZJT6Q, STM32U5G7VJT6, STM32U5G7VJT6Q, STM32U5G9BJY6QTR, STM32U5G9J-DK1, STM32U5G9J-DK2, STM32U5G9NJH6Q, STM32U5G9VJT6Q, STM32U5G9ZJJ6QTR, STM32U5G9ZJT6Q, STM32WB1MMCH6, STM32WBA50KEU6, STM32WBA50KEU6TR, STM32WBA50KGU6, STM32WBA50KGU6TR, STM32WBA52CEU6, STM32WBA52CEU6TR, STM32WBA52CEU7, STM32WBA52CEU7TR, STM32WBA52CGU6, STM32WBA52CGU6TR, STM32WBA52CGU6U, STM32WBA52CGU7, STM32WBA52CGU7TR, STM32WBA52KEU6, STM32WBA52KEU6TR, STM32WBA52KGU6, STM32WBA52KGU6TR, STM32WBA54CEU6, STM32WBA54CEU6TR, STM32WBA54CEU7, STM32WBA54CEU7TR, STM32WBA54CGU6, STM32WBA54CGU6TR, STM32WBA54CGU7, STM32WBA54CGU7TR, STM32WBA54KEU6, STM32WBA54KEU6TR, STM32WBA54KEU7, STM32WBA54KEU7TR, STM32WBA54KGU6, STM32WBA54KGU6TR, STM32WBA54KGU7, STM32WBA54KGU7TR, STM32WBA55CEU6, STM32WBA55CEU6TR, STM32WBA55CEU7, STM32WBA55CEU7TR, STM32WBA55CGU6, STM32WBA55CGU6TR, STM32WBA55CGU6U, STM32WBA55CGU7, STM32WBA55CGU7TR, STM32WBA55G-DK1, STM32WBA55HEF6, STM32WBA55HEF7, STM32WBA55HGF6, STM32WBA55HGF7, STM32WBA55UEI6, STM32WBA55UEI6TR, STM32WBA55UEI7, STM32WBA55UEI7TR, STM32WBA55UGI6, STM32WBA55UGI6TR, STM32WBA55UGI7, STM32WBA55UGI7TR, STM32WL5MOCH6, STM32WL5MOCH6TR]
2024-07-18 20:03:25,655 [INFO] DbMcus:218 - Found 4203 MCUs, 4203 are supported
2024-07-18 20:03:25,655 [INFO] ApiDb:423 - Load user favorites file /home/rahul/.stm32cubeide/favorites.mcus.txt: 0 item(s)
2024-07-18 20:03:25,655 [INFO] ApiDb:427 - User favorites MCUs=[]
2024-07-18 20:03:25,655 [INFO] DbMcus:224 - Set 0 / 0 favorites MCUs
2024-07-18 20:03:25,925 [INFO] ApiDb:448 - Save user favorites file /home/rahul/.stm32cubeide/favorites.boards.txt: 1 item(s)
2024-07-18 20:03:25,926 [INFO] ApiDb:452 - User favorites Boards=[STM32F746G-DISCO]
2024-07-18 20:03:25,928 [INFO] ApiDb:581 - Connected to CubeFinder SQLite database (/home/rahul/.stmcufinder/plugins/mcufinder/mcu/cube-finder-db.db)
2024-07-18 20:03:25,987 [INFO] ApiDb:668 - CubeFinder database Data Model version=2.1
2024-07-18 20:03:25,987 [INFO] ApiDb:669 - CubeFinder database Configuration version=3.0.39
2024-07-18 20:03:25,987 [INFO] ApiDb:670 - CubeFinder database generation date=2024-06-20 (1718880634)
2024-07-18 20:03:25,988 [INFO] ApiDb:671 - CubeFinder database FW Pack versions=[FP-ATR-ASTRA1_V2.0.0, FP-SNS-FLIGHT1_V5.0.2, FP-SNS-MOTENV1_V5.0.0, FP-SNS-MOTENVWB1_V1.4.0, FP-SNS-SMARTAG2_V1.2.0, STM32Cube_FW_C0_V1.2.0, STM32Cube_FW_F4_V1.28.0, STM32Cube_FW_F7_V1.17.2, STM32Cube_FW_G0_V1.6.2, STM32Cube_FW_G4_V1.6.0, STM32Cube_FW_H5_V1.3.0, STM32Cube_FW_H7RS_V1.1.0, STM32Cube_FW_H7_V1.11.2, STM32Cube_FW_L0_V1.12.2, STM32Cube_FW_L5_V1.5.1, STM32Cube_FW_U0_V1.1.0, STM32Cube_FW_U5_V1.6.0, STM32Cube_FW_WB0_V1.0.0, STM32Cube_FW_WBA_V1.4.0, STM32Cube_FW_WB_V1.20.0, STM32Cube_FW_WL_V1.3.0, X-CUBE-ALGOBUILD_V1.4.0, X-CUBE-ALS_V1.0.2, X-CUBE-AZRTOS-F4_V1.1.0, X-CUBE-AZRTOS-F7_V1.1.0, X-CUBE-AZRTOS-G0_V1.1.0, X-CUBE-AZRTOS-G4_V2.0.0, X-CUBE-AZRTOS-H7RS_V1.0.0, X-CUBE-AZRTOS-H7_V3.2.0, X-CUBE-AZRTOS-L4_V2.0.0, X-CUBE-AZRTOS-L5_V1.1.0, X-CUBE-AZRTOS-WB_V2.0.0, X-CUBE-AZRTOS-WL_V2.0.0, X-CUBE-BLE1_V7.0.0, X-CUBE-BLE2_V3.3.0, X-CUBE-BLEMGR_V3.1.0, X-CUBE-EEPRMA1_V5.1.0, X-CUBE-FREERTOS_V1.2.0, X-CUBE-GNSS1_V6.0.0, X-CUBE-MEMS1_V10.0.0, X-CUBE-NFC4_V3.0.0, X-CUBE-NFC7_V1.0.1, X-CUBE-SFXS2LP1_V4.0.0, X-CUBE-SUBG2_V5.0.0, X-CUBE-TOF1_V3.4.1]
2024-07-18 20:03:26,057 [INFO] DbBoardsSqlite:226 - include board P-NUCLEO-WB55-NUCLEO as a kit item of type 'Nucleo-64'
2024-07-18 20:03:26,058 [INFO] DbBoardsSqlite:226 - include board P-NUCLEO-WB55-USBDONGLE as a kit item of type 'Nucleo USB Dongle'
2024-07-18 20:03:26,058 [INFO] DbBoardsSqlite:226 - include board STEVAL-IDP005V1 as a kit item of type 'Evaluation Board'
2024-07-18 20:03:26,058 [INFO] DbBoardsSqlite:226 - include board STEVAL-IDP005V2 as a kit item of type 'Evaluation Board'
2024-07-18 20:03:26,091 [INFO] ApiDb:240 - Found 483 in-development CPN: [B-G473E-ZEST1S, B-WB1M-WPAN1, B-WL5M-SUBG1, NUCLEO-C031C6, NUCLEO-H503RB, NUCLEO-H533RE, NUCLEO-H563ZI, NUCLEO-H7S3L8, NUCLEO-U031R8, NUCLEO-U083RC, NUCLEO-U545RE-Q, NUCLEO-U5A5ZJ-Q, NUCLEO-WBA52CG, NUCLEO-WBA55CG, STEVAL-PROTEUS1, STEVAL-SMARTAG2, STEVAL-STWINBX1, STM320518-EVAL, STM32C0116-DK, STM32C011D6Y3TR, STM32C011D6Y6TR, STM32C011F4P3, STM32C011F4P6, STM32C011F4U3, STM32C011F4U6TR, STM32C011F6P3, STM32C011F6P6, STM32C011F6U3, STM32C011F6U6TR, STM32C011J4M3, STM32C011J4M6, STM32C011J6M3, STM32C011J6M6, STM32C0316-DK, STM32C031C4T3, STM32C031C4T6, STM32C031C4U3, STM32C031C4U6, STM32C031C6T3, STM32C031C6T6, STM32C031C6U3, STM32C031C6U6, STM32C031F4P3, STM32C031F4P6, STM32C031F6P3, STM32C031F6P6, STM32C031G4U3, STM32C031G4U6, STM32C031G6U3, STM32C031G6U6, STM32C031K4T3, STM32C031K4T6, STM32C031K4U3, STM32C031K4U6, STM32C031K6T3, STM32C031K6T6, STM32C031K6U3, STM32C031K6U6, STM32G071K8TXN, STM32G071K8UXN, STM32G081GBU6N, STM32G081KBT6N, STM32G081KBUXN, STM32G0B1CCT6N, STM32G0B1KCT6, STM32G0B1NEY6TR, STM32G0B1RCT6N, STM32G0C1CCT6, STM32G0C1CCT6N, STM32G0C1CCU6N, STM32G0C1CET6N, STM32G0C1CEU6N, STM32G0C1KCT6, STM32G0C1NEY6TR, STM32G0C1RCI6N, STM32G0C1RCT6N, STM32G0C1REI6N, STM32G0C1RET6N, STM32G0C1VCI6, STM32G0C1VEI6, STM32G471CCT6, STM32G471CCU6, STM32G471CET3, STM32G471CET6, STM32G471CEU3, STM32G471CEU6, STM32G471MCT6, STM32G471MET3, STM32G471MET6, STM32G471MEY6TR, STM32G471QCT6, STM32G471QET3, STM32G471RCT6, STM32G471RET3, STM32G471RET6, STM32G471VCH6, STM32G471VCI6, STM32G471VCT6, STM32G471VEH3, STM32G471VEH6, STM32G471VEI3, STM32G471VEI6, STM32G471VET3, STM32G471VET6, STM32G474CCT6, STM32H503CBT6, STM32H503CBU6, STM32H503EBY6TR, STM32H503KBU6, STM32H503RBT6, STM32H523CCT6, STM32H523CCU6, STM32H523CET6, STM32H523CEU6, STM32H523HEY6TR, STM32H523RCT6, STM32H523RET6, STM32H523VCI6, STM32H523VCT6, STM32H523VEI6, STM32H523VET6, STM32H523ZCJ6, STM32H523ZCT6, STM32H523ZEJ6, STM32H523ZET6, STM32H533CET6, STM32H533CEU6, STM32H533HEY6TR, STM32H533RET6, STM32H533VEI6, STM32H533VET6, STM32H533ZEJ6, STM32H533ZET6, STM32H562AGI6, STM32H562AII6, STM32H562IGK6, STM32H562IGT6, STM32H562IIK6, STM32H562IIT6, STM32H562RGT6, STM32H562RGV6, STM32H562RIT6, STM32H562RIV6, STM32H562VGT6, STM32H562VIT6, STM32H562ZGT6, STM32H562ZIT6, STM32H563AGI6, STM32H563AII3Q, STM32H563AII6, STM32H563IGK6, STM32H563IGT6, STM32H563IIK3Q, STM32H563IIK6, STM32H563IIT3Q, STM32H563IIT6, STM32H563MIY3QTR, STM32H563RGT6, STM32H563RGV6, STM32H563RIT6, STM32H563RIV6, STM32H563VGT6, STM32H563VIT3Q, STM32H563VIT6, STM32H563ZGT6, STM32H563ZIT3Q, STM32H563ZIT6, STM32H573AII3Q, STM32H573AII6, STM32H573I-DK, STM32H573IIK3Q, STM32H573IIK6, STM32H573IIT3Q, STM32H573IIT6, STM32H573MIY3QTR, STM32H573RIT6, STM32H573RIV6, STM32H573VIT3Q, STM32H573VIT6, STM32H573ZIT3Q, STM32H573ZIT6, STM32H7R3A8I6, STM32H7R3I8K6, STM32H7R3I8T6, STM32H7R3L8H6, STM32H7R3L8H6H, STM32H7R3R8V6, STM32H7R3V8H6, STM32H7R3V8T6, STM32H7R3V8Y6, STM32H7R3Z8J6, STM32H7R3Z8T6, STM32H7R7A8I6, STM32H7R7I8K6, STM32H7R7I8T6, STM32H7R7L8H6, STM32H7R7L8H6H, STM32H7R7Z8J6, STM32H7S3A8I6, STM32H7S3I8K6, STM32H7S3I8T6, STM32H7S3L8H6, STM32H7S3L8H6H, STM32H7S3R8V6, STM32H7S3V8H6, STM32H7S3V8T6, STM32H7S3V8Y6, STM32H7S3Z8J6, STM32H7S3Z8T6, STM32H7S78-DK, STM32H7S7A8I6, STM32H7S7I8K6, STM32H7S7I8T6, STM32H7S7L8H6, STM32H7S7L8H6H, STM32H7S7Z8J6, STM32L4R5QGI6STR, STM32MP131AAE3, STM32MP131AAF3, STM32MP131AAG3, STM32MP131CAE3, STM32MP131CAF3, STM32MP131CAG3, STM32MP131DAE7, STM32MP131DAF7, STM32MP131DAG7, STM32MP131FAE7, STM32MP131FAF7, STM32MP131FAG7, STM32MP133AAE3, STM32MP133AAF3, STM32MP133AAG3, STM32MP133CAE3, STM32MP133CAF3, STM32MP133CAG3, STM32MP133DAE7, STM32MP133DAF7, STM32MP133DAG7, STM32MP133FAE7, STM32MP133FAF7, STM32MP133FAG7, STM32MP135AAE3, STM32MP135AAF3, STM32MP135AAG3, STM32MP135CAE3, STM32MP135CAF3, STM32MP135CAG3, STM32MP135DAE7, STM32MP135DAF7, STM32MP135DAG7, STM32MP135F-DK, STM32MP135FAE7, STM32MP135FAF7, STM32MP135FAF7T, STM32MP135FAF7U, STM32MP135FAG7, STM32U031C6T6, STM32U031C6U6, STM32U031C8T6, STM32U031C8U6, STM32U031F4P6, STM32U031F6P6, STM32U031F8P6, STM32U031G6Y6TR, STM32U031G8Y6TR, STM32U031K4U6, STM32U031K6U6, STM32U031K8U6, STM32U031R6I6, STM32U031R6T6, STM32U031R8I6, STM32U031R8T6, STM32U073C8T6, STM32U073C8U6, STM32U073CBT6, STM32U073CBU6, STM32U073CCT6, STM32U073CCU6, STM32U073H8Y6TR, STM32U073HBY6TR, STM32U073HCY6TR, STM32U073K8U6, STM32U073KBU6, STM32U073KCU6, STM32U073M8I6, STM32U073M8T6, STM32U073MBI6, STM32U073MBT6, STM32U073MCI6, STM32U073MCT6, STM32U073R8I6, STM32U073R8T6, STM32U073RBI6, STM32U073RBT6, STM32U073RCI6, STM32U073RCT6, STM32U083C-DK, STM32U083CCT6, STM32U083CCU6, STM32U083HCY6TR, STM32U083KCU6, STM32U083MCI6, STM32U083MCT6, STM32U083RCI6, STM32U083RCT6, STM32U535CBT6, STM32U535CBT6Q, STM32U535CBU6, STM32U535CBU6Q, STM32U535CCT6, STM32U535CCT6Q, STM32U535CCU6, STM32U535CCU6Q, STM32U535CET6, STM32U535CET6Q, STM32U535CEU6, STM32U535CEU6Q, STM32U535JEY6QTR, STM32U535NCY6QTR, STM32U535NEY6QTR, STM32U535RBI6, STM32U535RBI6Q, STM32U535RBT6, STM32U535RBT6Q, STM32U535RCI6, STM32U535RCI6Q, STM32U535RCT6, STM32U535RCT6Q, STM32U535REI6, STM32U535REI6Q, STM32U535RET6, STM32U535RET6Q, STM32U535VCI6, STM32U535VCI6Q, STM32U535VCT6, STM32U535VCT6Q, STM32U535VEI6, STM32U535VEI6Q, STM32U535VET6, STM32U535VET6Q, STM32U545CET6, STM32U545CET6Q, STM32U545CEU6, STM32U545CEU6Q, STM32U545JEY6QTR, STM32U545NEY6QTR, STM32U545REI6, STM32U545REI6Q, STM32U545RET6, STM32U545RET6Q, STM32U545VEI6, STM32U545VEI6Q, STM32U545VET6, STM32U545VET6Q, STM32U595AIH6, STM32U595AIH6Q, STM32U595AJH6, STM32U595AJH6Q, STM32U595QII6, STM32U595QII6Q, STM32U595QJI6, STM32U595QJI6Q, STM32U595RIT6, STM32U595RIT6Q, STM32U595RJT6, STM32U595RJT6Q, STM32U595VIT6, STM32U595VIT6Q, STM32U595VJT6, STM32U595VJT6Q, STM32U595ZIT6, STM32U595ZIT6Q, STM32U595ZIY6QTR, STM32U595ZJT6, STM32U595ZJT6Q, STM32U595ZJY6QTR, STM32U599BJY6QTR, STM32U599NIH6Q, STM32U599NJH6Q, STM32U599VIT6Q, STM32U599VJT6, STM32U599VJT6Q, STM32U599ZIT6Q, STM32U599ZIY6QTR, STM32U599ZJT6Q, STM32U599ZJY6QTR, STM32U5A5AJH6, STM32U5A5AJH6Q, STM32U5A5QII3Q , STM32U5A5QJI6, STM32U5A5QJI6Q, STM32U5A5RJT6, STM32U5A5RJT6Q, STM32U5A5VJT6, STM32U5A5VJT6Q, STM32U5A5ZJT6, STM32U5A5ZJT6Q, STM32U5A5ZJY6QTR, STM32U5A9BJY6QTR, STM32U5A9J-DK, STM32U5A9NJH6Q, STM32U5A9VJT6Q, STM32U5A9ZJT6Q, STM32U5A9ZJY6QTR, STM32U5F7VIT6, STM32U5F7VIT6Q, STM32U5F7VJT6, STM32U5F7VJT6Q, STM32U5F9BJY6QTR, STM32U5F9NJH6Q, STM32U5F9VIT6Q, STM32U5F9VJT6Q, STM32U5F9ZIJ6QTR, STM32U5F9ZIT6Q, STM32U5F9ZJJ6QTR, STM32U5F9ZJT6Q, STM32U5G7VJT6, STM32U5G7VJT6Q, STM32U5G9BJY6QTR, STM32U5G9J-DK1, STM32U5G9J-DK2, STM32U5G9NJH6Q, STM32U5G9VJT6Q, STM32U5G9ZJJ6QTR, STM32U5G9ZJT6Q, STM32WB1MMCH6, STM32WBA50KEU6, STM32WBA50KEU6TR, STM32WBA50KGU6, STM32WBA50KGU6TR, STM32WBA52CEU6, STM32WBA52CEU6TR, STM32WBA52CEU7, STM32WBA52CEU7TR, STM32WBA52CGU6, STM32WBA52CGU6TR, STM32WBA52CGU6U, STM32WBA52CGU7, STM32WBA52CGU7TR, STM32WBA52KEU6, STM32WBA52KEU6TR, STM32WBA52KGU6, STM32WBA52KGU6TR, STM32WBA54CEU6, STM32WBA54CEU6TR, STM32WBA54CEU7, STM32WBA54CEU7TR, STM32WBA54CGU6, STM32WBA54CGU6TR, STM32WBA54CGU7, STM32WBA54CGU7TR, STM32WBA54KEU6, STM32WBA54KEU6TR, STM32WBA54KEU7, STM32WBA54KEU7TR, STM32WBA54KGU6, STM32WBA54KGU6TR, STM32WBA54KGU7, STM32WBA54KGU7TR, STM32WBA55CEU6, STM32WBA55CEU6TR, STM32WBA55CEU7, STM32WBA55CEU7TR, STM32WBA55CGU6, STM32WBA55CGU6TR, STM32WBA55CGU6U, STM32WBA55CGU7, STM32WBA55CGU7TR, STM32WBA55G-DK1, STM32WBA55HEF6, STM32WBA55HEF7, STM32WBA55HGF6, STM32WBA55HGF7, STM32WBA55UEI6, STM32WBA55UEI6TR, STM32WBA55UEI7, STM32WBA55UEI7TR, STM32WBA55UGI6, STM32WBA55UGI6TR, STM32WBA55UGI7, STM32WBA55UGI7TR, STM32WL5MOCH6, STM32WL5MOCH6TR]
2024-07-18 20:03:26,173 [INFO] BoardInfo:889 - No configuration file found for board P-NUCLEO-WB55
2024-07-18 20:03:26,174 [INFO] DbBoards:161 - Kit is not supported: P-NUCLEO-WB55
2024-07-18 20:03:26,177 [INFO] BoardInfo:889 - No configuration file found for board STEVAL-BFA001V1B
2024-07-18 20:03:26,177 [INFO] DbBoards:161 - Kit is not supported: STEVAL-BFA001V1B
2024-07-18 20:03:26,177 [INFO] BoardInfo:889 - No configuration file found for board STEVAL-BFA001V2B
2024-07-18 20:03:26,178 [INFO] DbBoards:161 - Kit is not supported: STEVAL-BFA001V2B
2024-07-18 20:03:26,274 [INFO] DbBoards:168 - Found 195 boards, 192 are supported
2024-07-18 20:03:26,275 [INFO] DbBoards:169 - Found 195 boards, 8 of them is supported for  Bsp
2024-07-18 20:03:26,277 [INFO] ApiDb:423 - Load user favorites file /home/rahul/.stm32cubeide/favorites.boards.txt: 1 item(s)
2024-07-18 20:03:26,277 [INFO] ApiDb:427 - User favorites Boards=[STM32F746G-DISCO]
2024-07-18 20:03:26,277 [INFO] DbBoards:198 - Set 1 / 1 favorites Boards
2024-07-18 20:03:26,293 [INFO] LoadUrlFilesThread:185 - End of LoadServerUrlFiles without Thread
2024-07-18 20:03:26,293 [INFO] TargetSelectorAdapter:259 - Refresh data is successful
2024-07-18 20:03:26,298 [INFO] ApiDb:668 - CubeFinder database Data Model version=2.1
2024-07-18 20:03:26,298 [INFO] ApiDb:669 - CubeFinder database Configuration version=3.0.39
2024-07-18 20:03:26,298 [INFO] ApiDb:670 - CubeFinder database generation date=2024-06-20 (1718880634)
2024-07-18 20:03:26,298 [INFO] ApiDb:671 - CubeFinder database FW Pack versions=[FP-ATR-ASTRA1_V2.0.0, FP-SNS-FLIGHT1_V5.0.2, FP-SNS-MOTENV1_V5.0.0, FP-SNS-MOTENVWB1_V1.4.0, FP-SNS-SMARTAG2_V1.2.0, STM32Cube_FW_C0_V1.2.0, STM32Cube_FW_F4_V1.28.0, STM32Cube_FW_F7_V1.17.2, STM32Cube_FW_G0_V1.6.2, STM32Cube_FW_G4_V1.6.0, STM32Cube_FW_H5_V1.3.0, STM32Cube_FW_H7RS_V1.1.0, STM32Cube_FW_H7_V1.11.2, STM32Cube_FW_L0_V1.12.2, STM32Cube_FW_L5_V1.5.1, STM32Cube_FW_U0_V1.1.0, STM32Cube_FW_U5_V1.6.0, STM32Cube_FW_WB0_V1.0.0, STM32Cube_FW_WBA_V1.4.0, STM32Cube_FW_WB_V1.20.0, STM32Cube_FW_WL_V1.3.0, X-CUBE-ALGOBUILD_V1.4.0, X-CUBE-ALS_V1.0.2, X-CUBE-AZRTOS-F4_V1.1.0, X-CUBE-AZRTOS-F7_V1.1.0, X-CUBE-AZRTOS-G0_V1.1.0, X-CUBE-AZRTOS-G4_V2.0.0, X-CUBE-AZRTOS-H7RS_V1.0.0, X-CUBE-AZRTOS-H7_V3.2.0, X-CUBE-AZRTOS-L4_V2.0.0, X-CUBE-AZRTOS-L5_V1.1.0, X-CUBE-AZRTOS-WB_V2.0.0, X-CUBE-AZRTOS-WL_V2.0.0, X-CUBE-BLE1_V7.0.0, X-CUBE-BLE2_V3.3.0, X-CUBE-BLEMGR_V3.1.0, X-CUBE-EEPRMA1_V5.1.0, X-CUBE-FREERTOS_V1.2.0, X-CUBE-GNSS1_V6.0.0, X-CUBE-MEMS1_V10.0.0, X-CUBE-NFC4_V3.0.0, X-CUBE-NFC7_V1.0.1, X-CUBE-SFXS2LP1_V4.0.0, X-CUBE-SUBG2_V5.0.0, X-CUBE-TOF1_V3.4.1]
2024-07-18 20:03:27,149 [ERROR] DbExamplesSqlite:437 - Missing JSON key: board_cpn
2024-07-18 20:03:27,150 [ERROR] DbExamplesSqlite:437 - Missing JSON key: board_cpn
2024-07-18 20:03:27,150 [ERROR] DbExamplesSqlite:437 - Missing JSON key: board_cpn
2024-07-18 20:03:27,150 [ERROR] DbExamplesSqlite:437 - Missing JSON key: board_cpn
2024-07-18 20:03:27,284 [INFO] DbExamplesSqlite:395 - Ignored 28 examples not supported by CubeIDE
2024-07-18 20:03:27,284 [INFO] DbExamplesSqlite:396 - Found 8590 examples active
2024-07-18 20:03:27,284 [INFO] DbExamplesSqlite:397 - Found 0 examples obsolete
2024-07-18 20:03:27,284 [INFO] DbExamplesSqlite:398 - Found 0 examples under development
2024-07-18 20:03:27,284 [INFO] DbExamplesSqlite:399 - Found 10 examples not building
2024-07-18 20:03:27,286 [INFO] DbExamples:125 - Found 8572 examples
2024-07-18 20:03:27,446 [ERROR] DbExamples:208 - Found 308 examples with invalid data (board or MCU)
2024-07-18 20:03:27,446 [INFO] DbExamples:222 - Found 102 boards with related examples
2024-07-18 20:03:27,447 [INFO] DbExamples:235 - Found 86 MCUs with related examples
2024-07-18 20:03:27,472 [INFO] ApiDb:414 - User favorites file not found: /home/rahul/.stm32cubeide/favorites.examples.txt
2024-07-18 20:03:27,472 [INFO] DbExamples:250 - Set 0 / 0 favorites Examples
2024-07-18 20:03:27,524 [INFO] McuFinderGlobals:76 - Set McuFinderConnectedMode to true
2024-07-18 20:03:27,526 [INFO] MultiScanPanel:200 - Auto-refresh data requested => check proxy status ongoing
2024-07-18 20:03:27,527 [INFO] FinderPluginLoader:95 - Searching for filters in installed packs
2024-07-18 20:03:27,528 [INFO] FinderPluginLoader:108 - Found /home/rahul/STM32Cube/Repository/Packs/STMicroelectronics/X-CUBE-AI/8.1.0/CubeMX/plugins/ip/ai.8.1.0.jar
2024-07-18 20:03:27,529 [INFO] FinderPluginLoader:118 - Loading ai.8.1.0
2024-07-18 20:03:27,645 [INFO] McuExtendedFiltersManager:95 - Add MCU extended filter: Artificial Intelligence
2024-07-18 20:03:28,217 [INFO] AInterface:109 - AInterface using toolDir: /home/rahul/STM32Cube/Repository//Packs/STMicroelectronics/X-CUBE-AI/8.1.0/Utilities/linux
2024-07-18 20:03:28,750 [INFO] LoadUrlFilesThread:185 - End of LoadServerUrlFiles without Thread
2024-07-18 20:03:28,750 [INFO] DetailPanel:341 - Set advertising image to /home/rahul/STM32Cube/Repository//en.prom-stm32h7rs-mcu-finder.jpg
2024-07-18 20:03:31,591 [INFO] MultiScanPanel:200 - Auto-refresh data requested => check proxy status ongoing
2024-07-18 20:03:31,650 [INFO] LoadUrlFilesThread:185 - End of LoadServerUrlFiles without Thread
2024-07-18 20:03:31,651 [INFO] DetailPanel:341 - Set advertising image to /home/rahul/STM32Cube/Repository//en.prom-stm32h7rs-mcu-finder.jpg
2024-07-18 20:03:31,657 [INFO] DbBoards:642 - Loading board mini-images...
2024-07-18 20:03:33,863 [INFO] DbBoards:665 - Loaded 195 board mini-images
2024-07-18 20:03:51,830 [INFO] MainUpdater:2873 - connection check result : 10
2024-07-18 20:03:51,830 [INFO] MainUpdater:2873 - connection check result : 10
2024-07-18 20:03:52,288 [INFO] I2cTimingTraitement:330 - 0x60404E72
2024-07-18 20:03:52,308 [INFO] MicroXplorer:468 - Change Database Path : 
2024-07-18 20:03:52,308 [INFO] MicroXplorer:498 - Change Database Version : DB.6.0.111
2024-07-18 20:03:52,321 [ERROR] ProjectManagerView:394 - 
java.lang.NullPointerException: Cannot invoke "javax.swing.JTextField.getText()" because the return value of "java.util.List.get(int)" is null
	at com.st.microxplorer.plugins.projectmanager.gui.ProjectChoiceTab$10.caretUpdate(ProjectChoiceTab.java:2504) ~[filemanager.jar:?]
	at javax.swing.text.JTextComponent.fireCaretUpdate(JTextComponent.java:412) ~[?:?]
	at javax.swing.text.JTextComponent$MutableCaretEvent.fire(JTextComponent.java:4491) ~[?:?]
	at javax.swing.text.JTextComponent$MutableCaretEvent.stateChanged(JTextComponent.java:4513) ~[?:?]
	at javax.swing.text.DefaultCaret.fireStateChanged(DefaultCaret.java:842) ~[?:?]
	at javax.swing.text.DefaultCaret.changeCaretPosition(DefaultCaret.java:1313) ~[?:?]
	at javax.swing.text.DefaultCaret.handleSetDot(DefaultCaret.java:1212) ~[?:?]
	at javax.swing.text.DefaultCaret.setDot(DefaultCaret.java:1193) ~[?:?]
	at javax.swing.text.DefaultCaret$Handler.insertUpdate(DefaultCaret.java:1789) ~[?:?]
	at javax.swing.text.AbstractDocument.fireInsertUpdate(AbstractDocument.java:226) ~[?:?]
	at javax.swing.text.AbstractDocument.handleInsertString(AbstractDocument.java:780) ~[?:?]
	at javax.swing.text.AbstractDocument.insertString(AbstractDocument.java:739) ~[?:?]
	at javax.swing.text.PlainDocument.insertString(PlainDocument.java:131) ~[?:?]
	at javax.swing.text.AbstractDocument.replace(AbstractDocument.java:698) ~[?:?]
	at javax.swing.text.JTextComponent.setText(JTextComponent.java:1729) ~[?:?]
	at com.st.microxplorer.plugins.projectmanager.gui.ProjectChoiceTab.createHeapStackFields(ProjectChoiceTab.java:944) ~[filemanager.jar:?]
	at com.st.microxplorer.plugins.projectmanager.gui.ProjectChoiceTab.buildLinkSettingsPanel(ProjectChoiceTab.java:3475) ~[filemanager.jar:?]
	at com.st.microxplorer.plugins.projectmanager.gui.ProjectChoiceTab.defineWindowsFields(ProjectChoiceTab.java:1816) ~[filemanager.jar:?]
	at com.st.microxplorer.plugins.projectmanager.gui.ProjectChoiceTab.updateSettings(ProjectChoiceTab.java:544) ~[filemanager.jar:?]
	at com.st.microxplorer.plugins.projectmanager.gui.ProjectSettingsPanel.UpdateDialog(ProjectSettingsPanel.java:245) ~[filemanager.jar:?]
	at com.st.microxplorer.plugins.projectmanager.ProjectManagerView.propertyChange(ProjectManagerView.java:391) ~[filemanager.jar:?]
	at java.beans.PropertyChangeSupport.fire(PropertyChangeSupport.java:343) ~[?:?]
	at java.beans.PropertyChangeSupport.firePropertyChange(PropertyChangeSupport.java:335) ~[?:?]
	at java.beans.PropertyChangeSupport.firePropertyChange(PropertyChangeSupport.java:268) ~[?:?]
	at com.st.microxplorer.util.MXPropertyChangeSupport.firePropertyChange(MXPropertyChangeSupport.java:54) ~[STM32CubeMX.jar:?]
	at com.st.microxplorer.mxsystem.MxSystem.closeConfig(MxSystem.java:900) ~[STM32CubeMX.jar:?]
	at com.st.microxplorer.maingui.MainPanel.closeConfig(MainPanel.java:776) ~[STM32CubeMX.jar:?]
	at com.st.microxplorer.plugins.filemanager.engine.OpenFileManager.loadConfigurationFile(OpenFileManager.java:245) ~[filemanager.jar:?]
	at com.st.microxplorer.plugins.filemanager.engine.MainFileManager.userLoadConfig(MainFileManager.java:315) ~[filemanager.jar:?]
	at com.st.microxplorer.plugins.filemanager.FileManagerView.getSpecificTask(FileManagerView.java:251) ~[filemanager.jar:?]
	at com.st.stm32cube.common.mx.editor.CubeMxEditor.getMxTabbedPaneInstance(CubeMxEditor.java:1191) ~[com.st.stm32cube.common.mx_6.11.1.202404110753/:?]
	at com.st.stm32cube.common.mx.editor.CubeMxEditor$12$1.createSwingComponent(CubeMxEditor.java:1068) ~[com.st.stm32cube.common.mx_6.11.1.202404110753/:?]
	at com.st.stm32cube.common.mx.oss.core.awtswtbridge.EmbeddedSwingComposite.doComponentCreation(EmbeddedSwingComposite.java:492) ~[com.st.stm32cube.common.mx.oss_6.11.1.202404110753/:?]
	at com.st.stm32cube.common.mx.oss.core.awtswtbridge.EmbeddedSwingComposite$4.run(EmbeddedSwingComposite.java:291) ~[com.st.stm32cube.common.mx.oss_6.11.1.202404110753/:?]
	at com.st.stm32cube.common.mx.oss.core.awtswtbridge.AwtEnvironment$2.run(AwtEnvironment.java:166) ~[com.st.stm32cube.common.mx.oss_6.11.1.202404110753/:?]
	at java.awt.event.InvocationEvent.dispatch(InvocationEvent.java:318) ~[?:?]
	at java.awt.EventQueue.dispatchEventImpl(EventQueue.java:773) ~[?:?]
	at java.awt.EventQueue$4.run(EventQueue.java:720) ~[?:?]
	at java.awt.EventQueue$4.run(EventQueue.java:714) ~[?:?]
	at java.security.AccessController.doPrivileged(AccessController.java:399) ~[?:?]
	at java.security.ProtectionDomain$JavaSecurityAccessImpl.doIntersectionPrivilege(ProtectionDomain.java:86) ~[?:?]
	at java.awt.EventQueue.dispatchEvent(EventQueue.java:742) ~[?:?]
	at java.awt.EventDispatchThread.pumpOneEventForFilters(EventDispatchThread.java:203) ~[?:?]
	at java.awt.EventDispatchThread.pumpEventsForFilter(EventDispatchThread.java:124) ~[?:?]
	at java.awt.EventDispatchThread.pumpEventsForHierarchy(EventDispatchThread.java:113) ~[?:?]
	at java.awt.EventDispatchThread.pumpEvents(EventDispatchThread.java:109) ~[?:?]
	at java.awt.EventDispatchThread.pumpEvents(EventDispatchThread.java:101) ~[?:?]
	at java.awt.EventDispatchThread.run(EventDispatchThread.java:90) ~[?:?]
2024-07-18 20:03:52,331 [WARN] ThirdParty:871 - waiting for thirdparty lock release [close project]
2024-07-18 20:03:52,331 [INFO] ThirdParty:873 - entering critical section [close project]
2024-07-18 20:03:52,331 [INFO] ThirdParty:883 - exiting critical section [close project]
2024-07-18 20:03:52,333 [INFO] PinOutPanel:1561 - setPackage(No Configuration,No Configuration)
2024-07-18 20:03:52,348 [WARN] IpParametersView:151 - Warning: This peripheral hasn't parameters
2024-07-18 20:03:52,368 [WARN] MainPanel:272 - <html><b><center>Warning: This peripheral has no parameters to be configured<br></b></html>
2024-07-18 20:03:52,383 [INFO] UtilMem:75 - Begin LoadConfig() Used Memory: 938174728 Bytes (1073741824)
2024-07-18 20:03:52,384 [INFO] OpenFileManager:312 - Change cursor
2024-07-18 20:03:52,399 [INFO] RulesReader:64 - Compatibility file has been processed (297 Rules)
2024-07-18 20:03:52,405 [INFO] ProjectFactory:442 - No CPN specified for board STM32H735G-DK => set CPN to STM32H735IGK6
2024-07-18 20:03:52,406 [INFO] Mcu:2021 - Initializing MCU STM32H735IGKx STM32H735IGKx STM32H735IGK6
2024-07-18 20:03:54,556 [INFO] Context:663 - Trying to add GPIOservice into a context  which must be forbidden
2024-07-18 20:03:56,008 [INFO] Rule:228 - rule 117617 - U5Cobra4M][GTZC] default value MPCBB3 and MPCBB5 - Not Secured memory - MPCBB1 is applicable
2024-07-18 20:03:56,008 [INFO] Rule:228 - rule 117617 - U5Cobra4M][GTZC] default value MPCBB3 and MPCBB5 - Not Secured memory - MPCBB1 is applicable
2024-07-18 20:03:56,008 [INFO] Rule:228 - rule 117617 - U5Cobra4M][GTZC] default value MPCBB3 and MPCBB5 - Not Secured memory - MPCBB2 is applicable
2024-07-18 20:03:56,008 [INFO] Rule:228 - rule 117617 - U5Cobra4M][GTZC] default value MPCBB3 and MPCBB5 - Not Secured memory - MPCBB2 is applicable
2024-07-18 20:03:56,008 [INFO] Rule:228 - rule 117617 - U5Cobra4M][GTZC] default value MPCBB3 and MPCBB5 - Not Secured memory - MPCBB3 is applicable
2024-07-18 20:03:56,008 [INFO] Rule:228 - rule 117617 - U5Cobra4M][GTZC] default value MPCBB3 and MPCBB5 - Not Secured memory - MPCBB3 is applicable
2024-07-18 20:03:56,008 [INFO] Rule:228 - rule 117617 - U5Cobra4M][GTZC] default value MPCBB3 and MPCBB5 - Not Secured memory - MPCBB4 is applicable
2024-07-18 20:03:56,008 [INFO] Rule:228 - rule 117617 - U5Cobra4M][GTZC] default value MPCBB3 and MPCBB5 - Not Secured memory - MPCBB4 is applicable
2024-07-18 20:03:56,008 [INFO] Rule:228 - rule 117617 - U5Cobra4M][GTZC] default value MPCBB3 and MPCBB5 - Secured memory - MPCBB1 is applicable
2024-07-18 20:03:56,009 [INFO] Rule:228 - rule 117617 - U5Cobra4M][GTZC] default value MPCBB3 and MPCBB5 - Secured memory - MPCBB2 is applicable
2024-07-18 20:03:56,009 [INFO] Rule:228 - rule 117617 - U5Cobra4M][GTZC] default value MPCBB3 and MPCBB5 - Secured memory - MPCBB3 is applicable
2024-07-18 20:03:56,009 [INFO] Rule:228 - rule 117617 - U5Cobra4M][GTZC] default value MPCBB3 and MPCBB5 - Secured memory - MPCBB4 is applicable
2024-07-18 20:03:56,009 [INFO] Rule:228 - rule 117617 - U5Cobra4M][GTZC] default value MPCBB3 and MPCBB5 - Privileged memory - MPCBB1 is applicable
2024-07-18 20:03:56,009 [INFO] Rule:228 - rule 117617 - U5Cobra4M][GTZC] default value MPCBB3 and MPCBB5 - Privileged memory - MPCBB2 is applicable
2024-07-18 20:03:56,009 [INFO] Rule:228 - rule 117617 - U5Cobra4M][GTZC] default value MPCBB3 and MPCBB5 - Privileged memory - MPCBB3 is applicable
2024-07-18 20:03:56,009 [INFO] Rule:228 - rule 117617 - U5Cobra4M][GTZC] default value MPCBB3 and MPCBB5 - Privileged memory - MPCBB4 is applicable
2024-07-18 20:03:56,009 [INFO] Rule:228 - rule 117617 - U5Cobra4M][GTZC] default value MPCBB3 and MPCBB5 - Not Privileged memory - MPCBB1 is applicable
2024-07-18 20:03:56,009 [INFO] Rule:228 - rule 117617 - U5Cobra4M][GTZC] default value MPCBB3 and MPCBB5 - Not Privileged memory - MPCBB2 is applicable
2024-07-18 20:03:56,009 [INFO] Rule:228 - rule 117617 - U5Cobra4M][GTZC] default value MPCBB3 and MPCBB5 - Not Privileged memory - MPCBB3 is applicable
2024-07-18 20:03:56,009 [INFO] Rule:228 - rule 117617 - U5Cobra4M][GTZC] default value MPCBB3 and MPCBB5 - Not Privileged memory - MPCBB4 is applicable
2024-07-18 20:03:56,009 [INFO] Rule:228 - rule 117617 - U5Cobra4M][GTZC] default value MPCBB3 and MPCBB5 - Privileged memory - MPCBB1 is applicable
2024-07-18 20:03:56,009 [INFO] Rule:228 - rule 117617 - U5Cobra4M][GTZC] default value MPCBB3 and MPCBB5 - Privileged memory - MPCBB2 is applicable
2024-07-18 20:03:56,009 [INFO] Rule:228 - rule 117617 - U5Cobra4M][GTZC] default value MPCBB3 and MPCBB5 - Privileged memory - MPCBB3 is applicable
2024-07-18 20:03:56,009 [INFO] Rule:228 - rule 117617 - U5Cobra4M][GTZC] default value MPCBB3 and MPCBB5 - Privileged memory - MPCBB4 is applicable
2024-07-18 20:03:56,009 [INFO] Rule:228 - rule 117617 - U5Cobra4M][GTZC] default value MPCBB3 and MPCBB5 - Privileged memory - MPCBB1 is applicable
2024-07-18 20:03:56,009 [INFO] Rule:228 - rule 117617 - U5Cobra4M][GTZC] default value MPCBB3 and MPCBB5 - Privileged memory - MPCBB2 is applicable
2024-07-18 20:03:56,009 [INFO] Rule:228 - rule 117617 - U5Cobra4M][GTZC] default value MPCBB3 and MPCBB5 - Privileged memory - MPCBB3 is applicable
2024-07-18 20:03:56,009 [INFO] Rule:228 - rule 117617 - U5Cobra4M][GTZC] default value MPCBB3 and MPCBB5 - Privileged memory - MPCBB4 is applicable
2024-07-18 20:03:56,009 [INFO] Rule:228 - rule 117617 - U5Cobra4M][GTZC] default value MPCBB3 and MPCBB5 - Not Privileged memory - MPCBB1 is applicable
2024-07-18 20:03:56,009 [INFO] Rule:228 - rule 117617 - U5Cobra4M][GTZC] default value MPCBB3 and MPCBB5 - Not Privileged memory - MPCBB2 is applicable
2024-07-18 20:03:56,009 [INFO] Rule:228 - rule 117617 - U5Cobra4M][GTZC] default value MPCBB3 and MPCBB5 - Not Privileged memory - MPCBB3 is applicable
2024-07-18 20:03:56,009 [INFO] Rule:228 - rule 117617 - U5Cobra4M][GTZC] default value MPCBB3 and MPCBB5 - Not Privileged memory - MPCBB4 is applicable
2024-07-18 20:03:56,009 [INFO] Rule:228 - rule 117617 - U5Cobra4M][GTZC] default value MPCBB3 and MPCBB5 - Privileged memory - MPCBB1 is applicable
2024-07-18 20:03:56,009 [INFO] Rule:228 - rule 117617 - U5Cobra4M][GTZC] default value MPCBB3 and MPCBB5 - Privileged memory - MPCBB2 is applicable
2024-07-18 20:03:56,009 [INFO] Rule:228 - rule 117617 - U5Cobra4M][GTZC] default value MPCBB3 and MPCBB5 - Privileged memory - MPCBB3 is applicable
2024-07-18 20:03:56,009 [INFO] Rule:228 - rule 117617 - U5Cobra4M][GTZC] default value MPCBB3 and MPCBB5 - Privileged memory - MPCBB4 is applicable
2024-07-18 20:03:56,009 [INFO] Rule:228 - rule Rename SubGHz_Phy SUBGHZ_APPLICATION SUBGHZ_PINGPONG to SUBGHZ_ADV_APPLICATION is applicable
2024-07-18 20:03:56,009 [INFO] Rule:228 - rule Rename Enabled to IBEACON is applicable
2024-07-18 20:03:56,009 [INFO] Rule:228 - rule GTZC_S instance for project manager is applicable
2024-07-18 20:03:56,009 [INFO] Rule:228 - rule GTZC_S instance for context M33S is applicable
2024-07-18 20:03:56,009 [INFO] Rule:228 - rule GTZC_S instance value for IP GTZC is applicable
2024-07-18 20:03:56,009 [INFO] Rule:228 - rule GTZC_S instance for mcu.IP is applicable
2024-07-18 20:03:56,009 [INFO] Rule:228 - rule GTZC_S instance for VP is applicable
2024-07-18 20:03:56,009 [INFO] Rule:228 - rule GTZC_S instance for signal is applicable
2024-07-18 20:03:56,009 [INFO] Rule:228 - rule GTZC_S instance for mcu.Pin is applicable
2024-07-18 20:03:56,009 [INFO] Rule:228 - rule GTZC_S instance for VP is applicable
2024-07-18 20:03:56,009 [INFO] Rule:228 - rule GTZC_S instance for signal is applicable
2024-07-18 20:03:56,009 [INFO] Rule:228 - rule GTZC_S instance for mcu is applicable
2024-07-18 20:03:56,009 [INFO] Rule:228 - rule GTZC_S instance for mcu.Pin is applicable
2024-07-18 20:03:56,009 [INFO] Rule:228 - rule GTZC_S instance value for IP GTZC is applicable
2024-07-18 20:03:56,009 [INFO] Rule:228 - rule GTZC_S instance for project manager is applicable
2024-07-18 20:03:56,009 [INFO] Rule:228 - rule GTZC_S instance for context M33S is applicable
2024-07-18 20:03:56,009 [INFO] Rule:228 - rule GTZC_S instance for VP is applicable
2024-07-18 20:03:56,009 [INFO] Rule:228 - rule GTZC_S instance for signal is applicable
2024-07-18 20:03:56,010 [INFO] Rule:228 - rule WakeUp0 Mode is applicable
2024-07-18 20:03:56,010 [INFO] Rule:228 - rule WakeUp0 SIGNAL is applicable
2024-07-18 20:03:56,010 [INFO] Rule:228 - rule WakeUp1 Mode is applicable
2024-07-18 20:03:56,010 [INFO] Rule:228 - rule WakeUp1 SIGNAL is applicable
2024-07-18 20:03:56,010 [INFO] Rule:228 - rule WakeUp2 Mode is applicable
2024-07-18 20:03:56,010 [INFO] Rule:228 - rule WakeUp2 SIGNAL is applicable
2024-07-18 20:03:56,010 [INFO] Rule:228 - rule WakeUp4 Mode is applicable
2024-07-18 20:03:56,010 [INFO] Rule:228 - rule WakeUp4 SIGNAL is applicable
2024-07-18 20:03:56,010 [INFO] Rule:228 - rule WakeUp5 Mode is applicable
2024-07-18 20:03:56,010 [INFO] Rule:228 - rule WakeUp5 SIGNAL is applicable
2024-07-18 20:03:56,010 [INFO] Rule:228 - rule Change Default Value for LSE Drive Capability for WB family is applicable
2024-07-18 20:03:56,010 [INFO] Rule:228 - rule Change Default Value for ADC Clock Prescaler G0 family is applicable
2024-07-18 20:03:56,010 [INFO] Rule:228 - rule LPUART IPParameter rename Prescaler parameter to ClockPrescaler for STM32H7 is applicable
2024-07-18 20:03:56,010 [INFO] Rule:228 - rule LPUART IPParameter rename Prescaler parameter to ClockPrescaler for STM32H7 is applicable
2024-07-18 20:03:56,010 [INFO] Rule:228 - rule LPUART IPParameter rename Prescaler parameter to ClockPrescaler for STM32WB is applicable
2024-07-18 20:03:56,010 [INFO] Rule:228 - rule LPUART IPParameter rename Prescaler parameter to ClockPrescaler for STM32WB is applicable
2024-07-18 20:03:56,010 [INFO] Rule:228 - rule LPUART IPParameter rename Prescaler parameter to ClockPrescaler for STM32G4 is applicable
2024-07-18 20:03:56,010 [INFO] Rule:228 - rule LPUART IPParameter rename Prescaler parameter to ClockPrescaler for STM32G4 is applicable
2024-07-18 20:03:56,010 [INFO] Rule:228 - rule LPUART IPParameter rename Prescaler parameter to ClockPrescaler for STM32L5 is applicable
2024-07-18 20:03:56,010 [INFO] Rule:228 - rule LPUART IPParameter rename Prescaler parameter to ClockPrescaler for STM32L5 is applicable
2024-07-18 20:03:56,010 [INFO] Rule:228 - rule LPUART IPParameter rename Prescaler parameter to ClockPrescaler for STM32G4 is applicable
2024-07-18 20:03:56,011 [INFO] Rule:228 - rule LPUART IPParameter rename Prescaler parameter to ClockPrescaler for STM32G4 is applicable
2024-07-18 20:03:56,011 [INFO] Rule:228 - rule USB device lib V2.5.3 for L0 rename USBD_SUPPORT_USER_STRING parameter to USBD_SUPPORT_USER_STRING_DESC4 is applicable
2024-07-18 20:03:56,011 [INFO] Rule:228 - rule I2SCLockSelection clock entry align is applicable
2024-07-18 20:03:56,011 [INFO] Rule:228 - rule Assign TIMx context if used as SYS timebase is applicable
2024-07-18 20:03:56,011 [INFO] Rule:228 - rule Change GPIO_Pu Default Value for I2C is applicable
2024-07-18 20:03:56,011 [INFO] Rule:228 - rule Change GPIO_Pu Default Value for SMBus is applicable
2024-07-18 20:03:56,011 [INFO] Rule:228 - rule change FDCAN default value is applicable
2024-07-18 20:03:56,011 [INFO] Rule:228 - rule Rename STM32WPAN CFG_BLE_IRK to CFG_BLE_IR is applicable
2024-07-18 20:03:56,011 [INFO] Rule:228 - rule Rename STM32WPAN CFG_BLE_ERK to CFG_BLE_ER is applicable
2024-07-18 20:03:56,011 [INFO] Rule:228 - rule Rename STM32WPAN CFG_BLE_IRK_HEX to CFG_BLE_IR_HEX is applicable
2024-07-18 20:03:56,011 [INFO] Rule:228 - rule Rename STM32WPAN CFG_BLE_ERK_HEX to CFG_BLE_ER_HEX is applicable
2024-07-18 20:03:56,021 [INFO] DbConfProperties:307 - Apply Compatibility (6/86 Rules)
2024-07-18 20:03:56,062 [INFO] ImportTextPane:194 - (OptionalMessage_WARN) Unknown mode (FDCANFD) for pin (PB6)
2024-07-18 20:03:56,063 [INFO] ImportTextPane:194 - (OptionalMessage_WARN) Unknown mode (FDCANFD) for pin (PH14)
2024-07-18 20:03:56,063 [INFO] ImportTextPane:194 - (OptionalMessage_WARN) Unknown mode (FDCANFD) for pin (PB5)
2024-07-18 20:03:56,063 [INFO] ImportTextPane:194 - (OptionalMessage_WARN) Unknown mode (FDCANFD) for pin (PH13)
2024-07-18 20:03:56,181 [INFO] ImportTextPane:194 - (OptionalMessage_INFO) Successful Mode recovery for pin (PB5) with mode (Activated)
2024-07-18 20:03:56,181 [INFO] ImportTextPane:194 - (OptionalMessage_INFO) Successful Mode recovery for pin (PB6) with mode (Activated)
2024-07-18 20:03:56,226 [INFO] ImportTextPane:194 - (OptionalMessage_INFO) Successful Mode recovery for pin (PH14) with mode (Activated)
2024-07-18 20:03:56,226 [INFO] ImportTextPane:194 - (OptionalMessage_INFO) Successful Mode recovery for pin (PH13) with mode (Activated)
2024-07-18 20:03:56,243 [INFO] RtosManager:555 - Registered RTOS mode: class=CMSIS, group=RTOS, mode=CMSIS_V1, owner=FREERTOS
2024-07-18 20:03:56,243 [INFO] RtosManager:555 - Registered RTOS mode: class=CMSIS, group=RTOS2, mode=CMSIS_V2, owner=FREERTOS
2024-07-18 20:03:56,243 [INFO] RtosManager:555 - Registered RTOS mode: class=RTOS, group=Core, mode=CMSIS_V1, owner=FREERTOS
2024-07-18 20:03:56,243 [INFO] RtosManager:555 - Registered RTOS mode: class=RTOS, group=Core, mode=CMSIS_V2, owner=FREERTOS
2024-07-18 20:03:56,244 [WARN] ModelIntegratedComponent:184 - Missing modes for component STMicroelectronics:FreeRTOS:0.0.1:STMicroelectronics:RTOS:FreeRTOS:Core:::10.2.0:
2024-07-18 20:03:56,248 [WARN] ModelIntegratedComponent:182 - Modes not found for component STMicroelectronics:USB_HOST:1.0.0:STMicroelectronics:USB::USB Host:Audio FS::1.0:USB_HOST_1_0_RESTRICTED_FS
2024-07-18 20:03:56,248 [WARN] ModelIntegratedComponent:188 - Modes not found for component STMicroelectronics:USB_HOST:1.0.0:STMicroelectronics:USB::USB Host:Audio FS::1.0:USB_HOST_1_0_RESTRICTED_FS
2024-07-18 20:03:56,248 [WARN] ModelIntegratedComponent:182 - Modes not found for component STMicroelectronics:USB_HOST:1.0.0:STMicroelectronics:USB::USB Host:CDC FS::1.0:USB_HOST_1_0_RESTRICTED_FS
2024-07-18 20:03:56,248 [WARN] ModelIntegratedComponent:188 - Modes not found for component STMicroelectronics:USB_HOST:1.0.0:STMicroelectronics:USB::USB Host:CDC FS::1.0:USB_HOST_1_0_RESTRICTED_FS
2024-07-18 20:03:56,248 [WARN] ModelIntegratedComponent:182 - Modes not found for component STMicroelectronics:USB_HOST:1.0.0:STMicroelectronics:USB::USB Host:MSC FS::1.0:USB_HOST_1_0_RESTRICTED_FS
2024-07-18 20:03:56,248 [WARN] ModelIntegratedComponent:188 - Modes not found for component STMicroelectronics:USB_HOST:1.0.0:STMicroelectronics:USB::USB Host:MSC FS::1.0:USB_HOST_1_0_RESTRICTED_FS
2024-07-18 20:03:56,248 [WARN] ModelIntegratedComponent:182 - Modes not found for component STMicroelectronics:USB_HOST:1.0.0:STMicroelectronics:USB::USB Host:HID FS::1.0:USB_HOST_1_0_RESTRICTED_FS
2024-07-18 20:03:56,248 [WARN] ModelIntegratedComponent:188 - Modes not found for component STMicroelectronics:USB_HOST:1.0.0:STMicroelectronics:USB::USB Host:HID FS::1.0:USB_HOST_1_0_RESTRICTED_FS
2024-07-18 20:03:56,248 [WARN] ModelIntegratedComponent:182 - Modes not found for component STMicroelectronics:USB_HOST:1.0.0:STMicroelectronics:USB::USB Host:MTP FS::1.0:USB_HOST_1_0_RESTRICTED_FS
2024-07-18 20:03:56,248 [WARN] ModelIntegratedComponent:188 - Modes not found for component STMicroelectronics:USB_HOST:1.0.0:STMicroelectronics:USB::USB Host:MTP FS::1.0:USB_HOST_1_0_RESTRICTED_FS
2024-07-18 20:03:56,251 [WARN] ModelIntegratedComponent:63 - No mode defined for component null
2024-07-18 20:03:56,251 [WARN] ModelIntegratedComponent:63 - No mode defined for component null
2024-07-18 20:03:56,252 [WARN] ModelIntegratedComponent:63 - No mode defined for component null
2024-07-18 20:03:56,252 [WARN] ModelIntegratedComponent:63 - No mode defined for component null
2024-07-18 20:03:56,252 [WARN] ModelIntegratedComponent:63 - No mode defined for component null
2024-07-18 20:03:56,252 [WARN] ModelIntegratedComponent:63 - No mode defined for component null
2024-07-18 20:03:56,252 [WARN] ModelIntegratedComponent:63 - No mode defined for component null
2024-07-18 20:03:56,252 [WARN] ModelIntegratedComponent:63 - No mode defined for component null
2024-07-18 20:03:56,252 [WARN] ModelIntegratedComponent:63 - No mode defined for component null
2024-07-18 20:03:56,252 [WARN] ModelIntegratedComponent:63 - No mode defined for component null
2024-07-18 20:03:56,252 [WARN] ModelIntegratedComponent:63 - No mode defined for component null
2024-07-18 20:03:56,252 [WARN] ModelIntegratedComponent:63 - No mode defined for component null
2024-07-18 20:03:56,252 [WARN] ModelIntegratedComponent:63 - No mode defined for component null
2024-07-18 20:03:56,252 [WARN] ModelIntegratedComponent:63 - No mode defined for component null
2024-07-18 20:03:56,252 [WARN] ModelIntegratedComponent:63 - No mode defined for component null
2024-07-18 20:03:56,252 [WARN] ModelIntegratedComponent:63 - No mode defined for component null
2024-07-18 20:03:56,252 [WARN] ModelIntegratedComponent:63 - No mode defined for component null
2024-07-18 20:03:56,252 [WARN] ModelIntegratedComponent:63 - No mode defined for component null
2024-07-18 20:03:56,252 [WARN] ModelIntegratedComponent:63 - No mode defined for component null
2024-07-18 20:03:56,252 [WARN] ModelIntegratedComponent:63 - No mode defined for component null
2024-07-18 20:03:56,252 [WARN] ModelIntegratedComponent:63 - No mode defined for component null
2024-07-18 20:03:56,252 [WARN] ModelIntegratedComponent:63 - No mode defined for component null
2024-07-18 20:03:56,252 [WARN] ModelIntegratedComponent:63 - No mode defined for component null
2024-07-18 20:03:56,252 [WARN] ModelIntegratedComponent:63 - No mode defined for component null
2024-07-18 20:03:56,252 [WARN] ModelIntegratedComponent:63 - No mode defined for component null
2024-07-18 20:03:56,252 [WARN] ModelIntegratedComponent:63 - No mode defined for component null
2024-07-18 20:03:56,252 [WARN] ModelIntegratedComponent:63 - No mode defined for component null
2024-07-18 20:03:56,252 [WARN] ModelIntegratedComponent:63 - No mode defined for component null
2024-07-18 20:03:56,252 [WARN] ModelIntegratedComponent:63 - No mode defined for component null
2024-07-18 20:03:56,252 [WARN] ModelIntegratedComponent:63 - No mode defined for component null
2024-07-18 20:03:56,252 [WARN] ModelIntegratedComponent:63 - No mode defined for component null
2024-07-18 20:03:56,252 [WARN] ModelIntegratedComponent:63 - No mode defined for component null
2024-07-18 20:03:56,252 [WARN] ModelIntegratedComponent:63 - No mode defined for component null
2024-07-18 20:03:56,252 [WARN] ModelIntegratedComponent:63 - No mode defined for component null
2024-07-18 20:03:56,330 [WARN] ModelIntegratedComponent:182 - Modes not found for component STMicroelectronics:USB_DEVICE:1.0.0:STMicroelectronics:USB::USB Device:Audio FS::1.0:USB_DEVICE_1_0_RESTRICTED_FS
2024-07-18 20:03:56,330 [WARN] ModelIntegratedComponent:188 - Modes not found for component STMicroelectronics:USB_DEVICE:1.0.0:STMicroelectronics:USB::USB Device:Audio FS::1.0:USB_DEVICE_1_0_RESTRICTED_FS
2024-07-18 20:03:56,330 [WARN] ModelIntegratedComponent:182 - Modes not found for component STMicroelectronics:USB_DEVICE:1.0.0:STMicroelectronics:USB::USB Device:CDC FS::1.0:USB_DEVICE_1_0_RESTRICTED_FS
2024-07-18 20:03:56,330 [WARN] ModelIntegratedComponent:188 - Modes not found for component STMicroelectronics:USB_DEVICE:1.0.0:STMicroelectronics:USB::USB Device:CDC FS::1.0:USB_DEVICE_1_0_RESTRICTED_FS
2024-07-18 20:03:56,330 [WARN] ModelIntegratedComponent:182 - Modes not found for component STMicroelectronics:USB_DEVICE:1.0.0:STMicroelectronics:USB::USB Device:DFU FS::1.0:USB_DEVICE_1_0_RESTRICTED_FS
2024-07-18 20:03:56,330 [WARN] ModelIntegratedComponent:188 - Modes not found for component STMicroelectronics:USB_DEVICE:1.0.0:STMicroelectronics:USB::USB Device:DFU FS::1.0:USB_DEVICE_1_0_RESTRICTED_FS
2024-07-18 20:03:56,330 [WARN] ModelIntegratedComponent:182 - Modes not found for component STMicroelectronics:USB_DEVICE:1.0.0:STMicroelectronics:USB::USB Device:HID FS::1.0:USB_DEVICE_1_0_RESTRICTED_FS
2024-07-18 20:03:56,330 [WARN] ModelIntegratedComponent:188 - Modes not found for component STMicroelectronics:USB_DEVICE:1.0.0:STMicroelectronics:USB::USB Device:HID FS::1.0:USB_DEVICE_1_0_RESTRICTED_FS
2024-07-18 20:03:56,330 [WARN] ModelIntegratedComponent:182 - Modes not found for component STMicroelectronics:USB_DEVICE:1.0.0:STMicroelectronics:USB::USB Device:Custom HID FS::1.0:USB_DEVICE_1_0_RESTRICTED_FS
2024-07-18 20:03:56,330 [WARN] ModelIntegratedComponent:188 - Modes not found for component STMicroelectronics:USB_DEVICE:1.0.0:STMicroelectronics:USB::USB Device:Custom HID FS::1.0:USB_DEVICE_1_0_RESTRICTED_FS
2024-07-18 20:03:56,330 [WARN] ModelIntegratedComponent:182 - Modes not found for component STMicroelectronics:USB_DEVICE:1.0.0:STMicroelectronics:USB::USB Device:MSC FS::1.0:USB_DEVICE_1_0_RESTRICTED_FS
2024-07-18 20:03:56,330 [WARN] ModelIntegratedComponent:188 - Modes not found for component STMicroelectronics:USB_DEVICE:1.0.0:STMicroelectronics:USB::USB Device:MSC FS::1.0:USB_DEVICE_1_0_RESTRICTED_FS
2024-07-18 20:03:56,354 [INFO] ThirdPartyModel:298 - Start build external matchings
2024-07-18 20:03:56,649 [INFO] ThirdPartyModel:316 - End build external matchings
2024-07-18 20:03:56,658 [INFO] ImportTextPane:194 - (OptionalMessage_ERROR) IP (ADC3) : Parameter (OffsetSaturation) has invalid value (null)
2024-07-18 20:03:56,658 [INFO] ImportTextPane:194 - (OptionalMessage_ERROR) IP (ADC3) : Parameter (OffsetSignedSaturation) has invalid value (null)
2024-07-18 20:03:56,662 [INFO] ImportTextPane:194 - (OptionalMessage_ERROR) IP (RCC) : Invalid parameter (FamilyName)
2024-07-18 20:03:56,881 [INFO] UtilMem:75 - End LoadConfig() Used Memory: 794876296 Bytes (1073741824)
2024-07-18 20:03:57,035 [WARN] ThirdParty:833 - waiting for thirdparty lock release [change project]
2024-07-18 20:03:57,035 [INFO] ThirdParty:835 - entering critical section [change project]
2024-07-18 20:03:57,036 [INFO] ThirdParty:1030 - CMSIS Pack Vendor :STMicroelectronics USBPD 4.1
2024-07-18 20:03:57,036 [INFO] ThirdParty:1030 - CMSIS Pack Vendor :STMicroelectronics X-CUBE-GNSS1 6.0.0
2024-07-18 20:03:57,036 [INFO] ThirdParty:1030 - CMSIS Pack Vendor :STMicroelectronics USB_HOST 2.0.0
2024-07-18 20:03:57,036 [INFO] ThirdParty:1030 - CMSIS Pack Vendor :STMicroelectronics X-CUBE-AZRTOS-F4 1.1.0
2024-07-18 20:03:57,036 [INFO] ThirdParty:1030 - CMSIS Pack Vendor :STMicroelectronics LIBJPEG 8.0.0
2024-07-18 20:03:57,036 [INFO] ThirdParty:1030 - CMSIS Pack Vendor :STMicroelectronics X-CUBE-SMBUS 2.1.0
2024-07-18 20:03:57,036 [INFO] ThirdParty:1030 - CMSIS Pack Vendor :STMicroelectronics USB_DEVICE 3.0.0
2024-07-18 20:03:57,036 [INFO] ThirdParty:1030 - CMSIS Pack Vendor :STMicroelectronics X-CUBE-TCPP 4.1.0
2024-07-18 20:03:57,036 [INFO] ThirdParty:1030 - CMSIS Pack Vendor :STMicroelectronics X-CUBE-AZRTOS-WB 2.0.0
2024-07-18 20:03:57,036 [INFO] ThirdParty:1030 - CMSIS Pack Vendor :STMicroelectronics X-CUBE-TOUCHGFX 4.23.2
2024-07-18 20:03:57,036 [INFO] ThirdParty:1030 - CMSIS Pack Vendor :STMicroelectronics X-CUBE-AZRTOS-F7 1.1.0
2024-07-18 20:03:57,036 [INFO] ThirdParty:1030 - CMSIS Pack Vendor :STMicroelectronics X-CUBE-AZRTOS-L5 2.0.0
2024-07-18 20:03:57,036 [INFO] ThirdParty:1030 - CMSIS Pack Vendor :STMicroelectronics USB_DEVICE 2.0.0
2024-07-18 20:03:57,036 [INFO] ThirdParty:1030 - CMSIS Pack Vendor :STMicroelectronics FreeRTOS 0.0.1
2024-07-18 20:03:57,036 [INFO] ThirdParty:1030 - CMSIS Pack Vendor :STMicroelectronics X-CUBE-AZRTOS-G0 1.1.0
2024-07-18 20:03:57,036 [INFO] ThirdParty:1030 - CMSIS Pack Vendor :STMicroelectronics X-CUBE-SAFEA1 1.2.2
2024-07-18 20:03:57,036 [INFO] ThirdParty:1030 - CMSIS Pack Vendor :STMicroelectronics X-CUBE-NFC4 3.0.0
2024-07-18 20:03:57,036 [INFO] ThirdParty:1030 - CMSIS Pack Vendor :STMicroelectronics X-CUBE-DPower 1.2.0
2024-07-18 20:03:57,036 [INFO] ThirdParty:1030 - CMSIS Pack Vendor :STMicroelectronics X-CUBE-SUBG2 5.0.0
2024-07-18 20:03:57,036 [INFO] ThirdParty:1030 - CMSIS Pack Vendor :STMicroelectronics STM32_WPAN 1.0.0
2024-07-18 20:03:57,036 [INFO] ThirdParty:1030 - CMSIS Pack Vendor :wolfSSL I-CUBE-wolfMQTT 1.18.0
2024-07-18 20:03:57,036 [INFO] ThirdParty:1030 - CMSIS Pack Vendor :EmbeddedOffice I-CUBE-FS-RTOS 1.0.1
2024-07-18 20:03:57,036 [INFO] ThirdParty:1030 - CMSIS Pack Vendor :STMicroelectronics lwIP 2.0.3
2024-07-18 20:03:57,036 [INFO] ThirdParty:1030 - CMSIS Pack Vendor :STMicroelectronics FP-SNS-FLIGHT1 5.0.2
2024-07-18 20:03:57,036 [INFO] ThirdParty:1030 - CMSIS Pack Vendor :Cesanta I-CUBE-Mongoose 7.13.0
2024-07-18 20:03:57,036 [INFO] ThirdParty:1030 - CMSIS Pack Vendor :STMicroelectronics USB_HOST 1.0.0
2024-07-18 20:03:57,036 [INFO] ThirdParty:1030 - CMSIS Pack Vendor :STMicroelectronics X-CUBE-AZRTOS-G4 2.0.0
2024-07-18 20:03:57,036 [INFO] ThirdParty:1030 - CMSIS Pack Vendor :STMicroelectronics PDM2PCM 3.1.0
2024-07-18 20:03:57,036 [INFO] ThirdParty:1030 - CMSIS Pack Vendor :STMicroelectronics PDM2PCM 3.3.0
2024-07-18 20:03:57,036 [INFO] ThirdParty:1030 - CMSIS Pack Vendor :STMicroelectronics X-CUBE-DISPLAY 3.0.0
2024-07-18 20:03:57,036 [INFO] ThirdParty:1030 - CMSIS Pack Vendor :RealThread X-CUBE-RT-Thread_Nano 4.1.1
2024-07-18 20:03:57,036 [INFO] ThirdParty:1030 - CMSIS Pack Vendor :wolfSSL I-CUBE-wolfSSL 5.7.0
2024-07-18 20:03:57,036 [INFO] ThirdParty:1030 - CMSIS Pack Vendor :STMicroelectronics X-CUBE-BLE1 7.0.0
2024-07-18 20:03:57,036 [INFO] ThirdParty:1030 - CMSIS Pack Vendor :STMicroelectronics FP-ATR-SIGFOX1 3.2.0
2024-07-18 20:03:57,036 [INFO] ThirdParty:1030 - CMSIS Pack Vendor :STMicroelectronics X-CUBE-ISPU 2.0.0
2024-07-18 20:03:57,036 [INFO] ThirdParty:1030 - CMSIS Pack Vendor :STMicroelectronics X-CUBE-EEPRMA1 5.1.0
2024-07-18 20:03:57,036 [INFO] ThirdParty:1030 - CMSIS Pack Vendor :STMicroelectronics HAL Drivers 0.0.0
2024-07-18 20:03:57,036 [INFO] ThirdParty:1030 - CMSIS Pack Vendor :STMicroelectronics MBEDTLS 2.16.2
2024-07-18 20:03:57,036 [INFO] ThirdParty:1030 - CMSIS Pack Vendor :STMicroelectronics X-CUBE-ALS 1.0.2
2024-07-18 20:03:57,036 [INFO] ThirdParty:1030 - CMSIS Pack Vendor :emotas I-CUBE-CANOPEN 1.3.0
2024-07-18 20:03:57,036 [INFO] ThirdParty:1030 - CMSIS Pack Vendor :STMicroelectronics X-CUBE-MEMS1 10.0.0
2024-07-18 20:03:57,036 [INFO] ThirdParty:1030 - CMSIS Pack Vendor :STMicroelectronics X-CUBE-NFC7 1.0.1
2024-07-18 20:03:57,036 [INFO] ThirdParty:1030 - CMSIS Pack Vendor :STMicroelectronics MBEDTLS 2.14.1
2024-07-18 20:03:57,036 [INFO] ThirdParty:1030 - CMSIS Pack Vendor :STMicroelectronics X-CUBE-TOUCHGFX 4.24.0
2024-07-18 20:03:57,036 [INFO] ThirdParty:1030 - CMSIS Pack Vendor :ITTIA_DB I-CUBE-ITTIADB 8.9.0
2024-07-18 20:03:57,036 [INFO] ThirdParty:1030 - CMSIS Pack Vendor :wolfSSL I-CUBE-wolfTPM 3.2.0
2024-07-18 20:03:57,036 [INFO] ThirdParty:1030 - CMSIS Pack Vendor :portGmbH I-Cube-SoM-uGOAL 1.1.0
2024-07-18 20:03:57,036 [INFO] ThirdParty:1030 - CMSIS Pack Vendor :STMicroelectronics X-CUBE-ALS 1.0.1
2024-07-18 20:03:57,036 [INFO] ThirdParty:1030 - CMSIS Pack Vendor :STMicroelectronics X-CUBE-BLEMGR 3.1.0
2024-07-18 20:03:57,036 [INFO] ThirdParty:1030 - CMSIS Pack Vendor :STMicroelectronics ThreadX 1.0.0
2024-07-18 20:03:57,036 [INFO] ThirdParty:1030 - CMSIS Pack Vendor :STMicroelectronics FP-SNS-SMARTAG2 1.2.0
2024-07-18 20:03:57,036 [INFO] ThirdParty:1030 - CMSIS Pack Vendor :STMicroelectronics X-CUBE-AZRTOS-WL 2.0.0
2024-07-18 20:03:57,036 [INFO] ThirdParty:1030 - CMSIS Pack Vendor :SEGGER I-CUBE-embOS 1.3.1
2024-07-18 20:03:57,036 [INFO] ThirdParty:1030 - CMSIS Pack Vendor :STMicroelectronics X-CUBE-ALGOBUILD 1.4.0
2024-07-18 20:03:57,036 [INFO] ThirdParty:1030 - CMSIS Pack Vendor :STMicroelectronics USB_DEVICE 1.0.0
2024-07-18 20:03:57,036 [INFO] ThirdParty:1030 - CMSIS Pack Vendor :STMicroelectronics X-CUBE-AI 8.1.0
2024-07-18 20:03:57,036 [INFO] ThirdParty:1030 - CMSIS Pack Vendor :STMicroelectronics X-CUBE-AZRTOS-H7RS 1.0.0
2024-07-18 20:03:57,036 [INFO] ThirdParty:1030 - CMSIS Pack Vendor :wolfSSL I-CUBE-wolfMQTT 1.19.0
2024-07-18 20:03:57,036 [INFO] ThirdParty:1030 - CMSIS Pack Vendor :STMicroelectronics X-CUBE-AZRTOS-L4 2.0.0
2024-07-18 20:03:57,036 [INFO] ThirdParty:1030 - CMSIS Pack Vendor :STMicroelectronics ThreadX 0.0.2
2024-07-18 20:03:57,036 [INFO] ThirdParty:1030 - CMSIS Pack Vendor :WES I-CUBE-Cesium 1.3.0
2024-07-18 20:03:57,036 [INFO] ThirdParty:1030 - CMSIS Pack Vendor :STMicroelectronics FP-ATR-ASTRA1 2.0.0
2024-07-18 20:03:57,036 [INFO] ThirdParty:1030 - CMSIS Pack Vendor :STMicroelectronics lwIP 2.1.2
2024-07-18 20:03:57,036 [INFO] ThirdParty:1030 - CMSIS Pack Vendor :STMicroelectronics X-CUBE-SFXS2LP1 4.0.0
2024-07-18 20:03:57,036 [INFO] ThirdParty:1030 - CMSIS Pack Vendor :STMicroelectronics X-CUBE-BLE2 3.3.0
2024-07-18 20:03:57,036 [INFO] ThirdParty:1030 - CMSIS Pack Vendor :STMicroelectronics X-CUBE-TOF1 3.4.1
2024-07-18 20:03:57,037 [INFO] ThirdParty:1030 - CMSIS Pack Vendor :STMicroelectronics X-CUBE-AZRTOS-H7 3.2.0
2024-07-18 20:03:57,037 [INFO] ThirdParty:1030 - CMSIS Pack Vendor :Infineon AIROC-Wi-Fi-Bluetooth-STM32 1.6.0
2024-07-18 20:03:57,037 [INFO] ThirdParty:1030 - CMSIS Pack Vendor :STMicroelectronics PDM2PCM 3.2.0
2024-07-18 20:03:57,037 [INFO] ThirdParty:1030 - CMSIS Pack Vendor :wolfSSL I-CUBE-wolfSSH 1.4.17
2024-07-18 20:03:57,037 [INFO] ThirdParty:841 - exiting critical section [change project]
2024-07-18 20:03:57,416 [INFO] PinOutPanel:1561 - setPackage(No Configuration,No Configuration)
2024-07-18 20:03:57,418 [INFO] PinOutPanel:1561 - setPackage(STM32H735IGKx,UFBGA176)
2024-07-18 20:03:58,257 [INFO] UtilMem:75 - Before build in PCC Used Memory: 881062496 Bytes (1073741824)
2024-07-18 20:03:59,487 [INFO] UtilMem:75 - After build in PCC Used Memory: 790849552 Bytes (1073741824)
2024-07-18 20:03:59,524 [INFO] IPUIPlugin:80 - create IPUIPlugin
2024-07-18 20:03:59,524 [INFO] IPUIPlugin:80 - create IPUIPlugin
2024-07-18 20:03:59,524 [INFO] IPUIPlugin:80 - create IPUIPlugin
2024-07-18 20:03:59,524 [INFO] IPUIPlugin:80 - create IPUIPlugin
2024-07-18 20:03:59,525 [INFO] IPUIPlugin:80 - create IPUIPlugin
2024-07-18 20:03:59,525 [INFO] IPUIPlugin:80 - create IPUIPlugin
2024-07-18 20:03:59,525 [INFO] IPUIPlugin:80 - create IPUIPlugin
2024-07-18 20:03:59,525 [INFO] IPUIPlugin:80 - create IPUIPlugin
2024-07-18 20:03:59,525 [INFO] IPUIPlugin:80 - create IPUIPlugin
2024-07-18 20:03:59,525 [INFO] IPUIPlugin:80 - create IPUIPlugin
2024-07-18 20:03:59,526 [INFO] IPUIPlugin:80 - create IPUIPlugin
2024-07-18 20:03:59,526 [INFO] IPUIPlugin:80 - create IPUIPlugin
2024-07-18 20:03:59,526 [INFO] IPUIPlugin:80 - create IPUIPlugin
2024-07-18 20:03:59,527 [INFO] IPUIPlugin:80 - create IPUIPlugin
2024-07-18 20:03:59,527 [INFO] IPUIPlugin:80 - create IPUIPlugin
2024-07-18 20:03:59,527 [INFO] IPUIPlugin:80 - create IPUIPlugin
2024-07-18 20:03:59,527 [INFO] IPUIPlugin:80 - create IPUIPlugin
2024-07-18 20:03:59,527 [INFO] IPUIPlugin:80 - create IPUIPlugin
2024-07-18 20:03:59,527 [INFO] IPUIPlugin:80 - create IPUIPlugin
2024-07-18 20:03:59,527 [INFO] IPUIPlugin:80 - create IPUIPlugin
2024-07-18 20:03:59,527 [INFO] IPUIPlugin:80 - create IPUIPlugin
2024-07-18 20:03:59,527 [INFO] IPUIPlugin:80 - create IPUIPlugin
2024-07-18 20:03:59,528 [INFO] IPUIPlugin:80 - create IPUIPlugin
2024-07-18 20:03:59,528 [INFO] IPUIPlugin:80 - create IPUIPlugin
2024-07-18 20:03:59,528 [INFO] IPUIPlugin:80 - create IPUIPlugin
2024-07-18 20:03:59,528 [INFO] IPUIPlugin:80 - create IPUIPlugin
2024-07-18 20:03:59,528 [INFO] IPUIPlugin:80 - create IPUIPlugin
2024-07-18 20:03:59,528 [INFO] IPUIPlugin:80 - create IPUIPlugin
2024-07-18 20:03:59,528 [INFO] IPUIPlugin:80 - create IPUIPlugin
2024-07-18 20:03:59,529 [INFO] IPUIPlugin:80 - create IPUIPlugin
2024-07-18 20:03:59,529 [INFO] IPUIPlugin:80 - create IPUIPlugin
2024-07-18 20:03:59,529 [INFO] IPUIPlugin:80 - create IPUIPlugin
2024-07-18 20:03:59,529 [INFO] IPUIPlugin:80 - create IPUIPlugin
2024-07-18 20:03:59,529 [INFO] IPUIPlugin:80 - create IPUIPlugin
2024-07-18 20:03:59,529 [INFO] IPUIPlugin:80 - create IPUIPlugin
2024-07-18 20:03:59,529 [INFO] IPUIPlugin:80 - create IPUIPlugin
2024-07-18 20:03:59,529 [INFO] IPUIPlugin:80 - create IPUIPlugin
2024-07-18 20:03:59,530 [INFO] IPUIPlugin:80 - create IPUIPlugin
2024-07-18 20:03:59,530 [INFO] IPUIPlugin:80 - create IPUIPlugin
2024-07-18 20:03:59,530 [INFO] IPUIPlugin:80 - create IPUIPlugin
2024-07-18 20:03:59,530 [INFO] IPUIPlugin:80 - create IPUIPlugin
2024-07-18 20:03:59,531 [INFO] IPUIPlugin:80 - create IPUIPlugin
2024-07-18 20:03:59,531 [INFO] IPUIPlugin:80 - create IPUIPlugin
2024-07-18 20:03:59,531 [INFO] IPUIPlugin:80 - create IPUIPlugin
2024-07-18 20:03:59,531 [INFO] IPUIPlugin:80 - create IPUIPlugin
2024-07-18 20:03:59,532 [INFO] IPUIPlugin:80 - create IPUIPlugin
2024-07-18 20:03:59,532 [INFO] IPUIPlugin:80 - create IPUIPlugin
2024-07-18 20:03:59,532 [INFO] IPUIPlugin:80 - create IPUIPlugin
2024-07-18 20:03:59,533 [INFO] IPUIPlugin:80 - create IPUIPlugin
2024-07-18 20:03:59,533 [INFO] IPUIPlugin:80 - create IPUIPlugin
2024-07-18 20:03:59,533 [INFO] IPUIPlugin:80 - create IPUIPlugin
2024-07-18 20:03:59,533 [INFO] IPUIPlugin:80 - create IPUIPlugin
2024-07-18 20:03:59,534 [INFO] IPUIPlugin:80 - create IPUIPlugin
2024-07-18 20:03:59,534 [INFO] IPUIPlugin:80 - create IPUIPlugin
2024-07-18 20:03:59,535 [INFO] IPUIPlugin:80 - create IPUIPlugin
2024-07-18 20:03:59,535 [INFO] IPUIPlugin:80 - create IPUIPlugin
2024-07-18 20:03:59,535 [INFO] IPUIPlugin:80 - create IPUIPlugin
2024-07-18 20:03:59,536 [INFO] IPUIPlugin:80 - create IPUIPlugin
2024-07-18 20:03:59,536 [INFO] IPUIPlugin:80 - create IPUIPlugin
2024-07-18 20:03:59,536 [INFO] IPUIPlugin:80 - create IPUIPlugin
2024-07-18 20:03:59,537 [INFO] IPUIPlugin:80 - create IPUIPlugin
2024-07-18 20:03:59,537 [INFO] IPUIPlugin:80 - create IPUIPlugin
2024-07-18 20:03:59,538 [INFO] IPUIPlugin:80 - create IPUIPlugin
2024-07-18 20:03:59,538 [INFO] IPUIPlugin:80 - create IPUIPlugin
2024-07-18 20:03:59,538 [INFO] IPUIPlugin:80 - create IPUIPlugin
2024-07-18 20:03:59,539 [INFO] IPUIPlugin:80 - create IPUIPlugin
2024-07-18 20:03:59,539 [INFO] IPUIPlugin:80 - create IPUIPlugin
2024-07-18 20:03:59,539 [INFO] IPUIPlugin:80 - create IPUIPlugin
2024-07-18 20:03:59,540 [INFO] IPUIPlugin:80 - create IPUIPlugin
2024-07-18 20:03:59,540 [INFO] IPUIPlugin:80 - create IPUIPlugin
2024-07-18 20:03:59,540 [INFO] IPUIPlugin:80 - create IPUIPlugin
2024-07-18 20:03:59,540 [INFO] IPUIPlugin:80 - create IPUIPlugin
2024-07-18 20:03:59,541 [INFO] IPUIPlugin:80 - create IPUIPlugin
2024-07-18 20:03:59,541 [INFO] IPUIPlugin:80 - create IPUIPlugin
2024-07-18 20:03:59,541 [INFO] IPUIPlugin:80 - create IPUIPlugin
2024-07-18 20:03:59,541 [INFO] IPUIPlugin:80 - create IPUIPlugin
2024-07-18 20:03:59,541 [INFO] IPUIPlugin:80 - create IPUIPlugin
2024-07-18 20:03:59,542 [INFO] IPUIPlugin:80 - create IPUIPlugin
2024-07-18 20:03:59,542 [INFO] IPUIPlugin:80 - create IPUIPlugin
2024-07-18 20:03:59,542 [INFO] IPUIPlugin:80 - create IPUIPlugin
2024-07-18 20:03:59,543 [INFO] IPUIPlugin:80 - create IPUIPlugin
2024-07-18 20:03:59,543 [INFO] IPUIPlugin:80 - create IPUIPlugin
2024-07-18 20:03:59,543 [INFO] IPUIPlugin:80 - create IPUIPlugin
2024-07-18 20:03:59,543 [INFO] IPUIPlugin:80 - create IPUIPlugin
2024-07-18 20:03:59,544 [INFO] IPUIPlugin:80 - create IPUIPlugin
2024-07-18 20:03:59,544 [INFO] IPUIPlugin:80 - create IPUIPlugin
2024-07-18 20:03:59,544 [INFO] IPUIPlugin:80 - create IPUIPlugin
2024-07-18 20:03:59,545 [INFO] IPUIPlugin:80 - create IPUIPlugin
2024-07-18 20:03:59,545 [INFO] IPUIPlugin:80 - create IPUIPlugin
2024-07-18 20:03:59,545 [INFO] IPUIPlugin:80 - create IPUIPlugin
2024-07-18 20:03:59,546 [INFO] IPUIPlugin:80 - create IPUIPlugin
2024-07-18 20:03:59,546 [INFO] IPUIPlugin:80 - create IPUIPlugin
2024-07-18 20:03:59,546 [INFO] IPUIPlugin:80 - create IPUIPlugin
2024-07-18 20:03:59,547 [INFO] IPUIPlugin:80 - create IPUIPlugin
2024-07-18 20:03:59,547 [INFO] IPUIPlugin:80 - create IPUIPlugin
2024-07-18 20:03:59,547 [INFO] IPUIPlugin:80 - create IPUIPlugin
2024-07-18 20:03:59,547 [INFO] IPUIPlugin:80 - create IPUIPlugin
2024-07-18 20:03:59,547 [INFO] IPUIPlugin:80 - create IPUIPlugin
2024-07-18 20:03:59,547 [INFO] IPUIPlugin:80 - create IPUIPlugin
2024-07-18 20:03:59,547 [INFO] IPUIPlugin:80 - create IPUIPlugin
2024-07-18 20:03:59,547 [INFO] IPUIPlugin:80 - create IPUIPlugin
2024-07-18 20:03:59,547 [INFO] IPUIPlugin:80 - create IPUIPlugin
2024-07-18 20:03:59,547 [INFO] IPUIPlugin:80 - create IPUIPlugin
2024-07-18 20:03:59,548 [INFO] IPUIPlugin:80 - create IPUIPlugin
2024-07-18 20:03:59,548 [INFO] IPUIPlugin:80 - create IPUIPlugin
2024-07-18 20:03:59,549 [INFO] IPUIPlugin:80 - create IPUIPlugin
2024-07-18 20:03:59,549 [INFO] IPUIPlugin:80 - create IPUIPlugin
2024-07-18 20:03:59,550 [INFO] IPUIPlugin:80 - create IPUIPlugin
2024-07-18 20:03:59,551 [INFO] IPUIPlugin:80 - create IPUIPlugin
2024-07-18 20:03:59,555 [INFO] ApiDbMcu:508 - Load IP Config File for PDM2PCM
2024-07-18 20:03:59,557 [WARN] IP:2120 - ClockDivider not found: check if there is a RefParameter without a condition.
2024-07-18 20:03:59,557 [WARN] IP:2120 - ClockDividerCCU not found: check if there is a RefParameter without a condition.
2024-07-18 20:03:59,557 [WARN] IP:2120 - MinOscClkPeriodsCCU not found: check if there is a RefParameter without a condition.
2024-07-18 20:03:59,557 [WARN] IP:2120 - TimeQuantaPerBitTimeCCU not found: check if there is a RefParameter without a condition.
2024-07-18 20:03:59,557 [WARN] IP:2120 - WatchdogStartValueCCU not found: check if there is a RefParameter without a condition.
2024-07-18 20:03:59,560 [INFO] Can:71 - Can Add PropertyChangeListener com.st.microxplorer.plugins.ip.can.Can@2de2f2ed
2024-07-18 20:03:59,560 [WARN] IP:2120 - ClockDivider not found: check if there is a RefParameter without a condition.
2024-07-18 20:03:59,560 [WARN] IP:2120 - ClockDividerCCU not found: check if there is a RefParameter without a condition.
2024-07-18 20:03:59,560 [WARN] IP:2120 - MinOscClkPeriodsCCU not found: check if there is a RefParameter without a condition.
2024-07-18 20:03:59,560 [WARN] IP:2120 - TimeQuantaPerBitTimeCCU not found: check if there is a RefParameter without a condition.
2024-07-18 20:03:59,560 [WARN] IP:2120 - WatchdogStartValueCCU not found: check if there is a RefParameter without a condition.
2024-07-18 20:03:59,562 [INFO] Can:71 - Can Add PropertyChangeListener com.st.microxplorer.plugins.ip.can.Can@b244ae
2024-07-18 20:03:59,909 [INFO] CADModel:165 - CPN selected for project levelSTM32H735IGK6
2024-07-18 20:03:59,909 [INFO] CADModel:114 - Register for checkConnection events
2024-07-18 20:03:59,951 [INFO] OpenFileManager:343 - Restore cursor
2024-07-18 20:04:00,097 [WARN] IP:2120 - ClockDivider not found: check if there is a RefParameter without a condition.
2024-07-18 20:04:00,097 [WARN] IP:2120 - ClockDividerCCU not found: check if there is a RefParameter without a condition.
2024-07-18 20:04:00,097 [WARN] IP:2120 - MinOscClkPeriodsCCU not found: check if there is a RefParameter without a condition.
2024-07-18 20:04:00,097 [WARN] IP:2120 - TimeQuantaPerBitTimeCCU not found: check if there is a RefParameter without a condition.
2024-07-18 20:04:00,097 [WARN] IP:2120 - WatchdogStartValueCCU not found: check if there is a RefParameter without a condition.
2024-07-18 20:04:00,244 [WARN] IP:2120 - ClockDivider not found: check if there is a RefParameter without a condition.
2024-07-18 20:04:00,244 [WARN] IP:2120 - ClockDividerCCU not found: check if there is a RefParameter without a condition.
2024-07-18 20:04:00,244 [WARN] IP:2120 - MinOscClkPeriodsCCU not found: check if there is a RefParameter without a condition.
2024-07-18 20:04:00,244 [WARN] IP:2120 - TimeQuantaPerBitTimeCCU not found: check if there is a RefParameter without a condition.
2024-07-18 20:04:00,244 [WARN] IP:2120 - WatchdogStartValueCCU not found: check if there is a RefParameter without a condition.
2024-07-18 20:04:01,028 [INFO] UtilMem:75 - End SaveConfig() Used Memory: 746853928 Bytes (1073741824)
2024-07-18 20:04:01,152 [INFO] UtilMem:75 - End SaveConfig() Used Memory: 783033624 Bytes (1073741824)
2024-07-18 20:04:01,285 [INFO] BlockDiagram:2759 - set Specific Code input for plugin: USB_OTG_HS
2024-07-18 20:04:01,285 [INFO] BlockDiagram:2759 - set Specific Code input for plugin: FDCAN
2024-07-18 20:04:01,285 [INFO] BlockDiagram:2759 - set Specific Code input for plugin: LTDC
2024-07-18 20:04:01,285 [INFO] BlockDiagram:2759 - set Specific Code input for plugin: RCC
2024-07-18 20:04:01,285 [INFO] BlockDiagram:2759 - set Specific Code input for plugin: I2C
2024-07-18 20:04:01,285 [INFO] BlockDiagram:2759 - set Specific Code input for plugin: SDMMC
2024-07-18 20:04:01,285 [INFO] BlockDiagram:2759 - set Specific Code input for plugin: USART
2024-07-18 20:04:01,285 [INFO] BlockDiagram:2759 - set Specific Code input for plugin: USART
2024-07-18 20:04:01,285 [INFO] BlockDiagram:2759 - set Specific Code input for plugin: OCTOSPI
2024-07-18 20:04:01,285 [INFO] BlockDiagram:2759 - set Specific Code input for plugin: OCTOSPI
2024-07-18 20:04:01,285 [INFO] BlockDiagram:2759 - set Specific Code input for plugin: FDCAN
2024-07-18 20:04:01,285 [INFO] BlockDiagram:2759 - set Specific Code input for plugin: ETH
2024-07-18 20:04:01,285 [INFO] BlockDiagram:2759 - set Specific Code input for plugin: DAC
2024-07-18 20:04:01,285 [INFO] BlockDiagram:2759 - set Specific Code input for plugin: TIM1_8H7
2024-07-18 20:04:01,285 [INFO] BlockDiagram:2759 - set Specific Code input for plugin: TIM1_8H7
2024-07-18 20:04:01,285 [INFO] BlockDiagram:2759 - set Specific Code input for plugin: TIM1_8H7
2024-07-18 20:04:01,285 [INFO] BlockDiagram:2759 - set Specific Code input for plugin: ADC
2024-07-18 20:04:01,285 [INFO] BlockDiagram:2759 - set Specific Code input for plugin: SYS
2024-07-18 20:04:01,285 [INFO] BlockDiagram:2759 - set Specific Code input for plugin: ADC
2024-07-18 20:04:01,285 [INFO] BlockDiagram:2759 - set Specific Code input for plugin: ADC
2024-07-18 20:04:01,285 [INFO] BlockDiagram:2759 - set Specific Code input for plugin: NVIC
2024-07-18 20:04:01,285 [INFO] BlockDiagram:2759 - set Specific Code input for plugin: DEBUG
2024-07-18 20:04:01,287 [INFO] BlockDiagram:2759 - set Specific Code input for plugin: GPIO
2024-07-18 20:04:01,287 [INFO] BlockDiagram:2759 - set Specific Code input for plugin: SAI
2024-07-18 20:04:01,287 [INFO] CodeGenerator:807 - code generatio: config db path: /opt/st/stm32cubeide_1.15.1/plugins/com.st.stm32cube.common.mx_6.11.1.202404110753//db/
2024-07-18 20:04:01,317 [WARN] IP:2120 - ClockDivider not found: check if there is a RefParameter without a condition.
2024-07-18 20:04:01,317 [WARN] IP:2120 - ClockDividerCCU not found: check if there is a RefParameter without a condition.
2024-07-18 20:04:01,317 [WARN] IP:2120 - MinOscClkPeriodsCCU not found: check if there is a RefParameter without a condition.
2024-07-18 20:04:01,317 [WARN] IP:2120 - TimeQuantaPerBitTimeCCU not found: check if there is a RefParameter without a condition.
2024-07-18 20:04:01,317 [WARN] IP:2120 - WatchdogStartValueCCU not found: check if there is a RefParameter without a condition.
2024-07-18 20:04:01,319 [WARN] IP:2120 - ClockDivider not found: check if there is a RefParameter without a condition.
2024-07-18 20:04:01,320 [WARN] IP:2120 - ClockDividerCCU not found: check if there is a RefParameter without a condition.
2024-07-18 20:04:01,320 [WARN] IP:2120 - MinOscClkPeriodsCCU not found: check if there is a RefParameter without a condition.
2024-07-18 20:04:01,320 [WARN] IP:2120 - TimeQuantaPerBitTimeCCU not found: check if there is a RefParameter without a condition.
2024-07-18 20:04:01,320 [WARN] IP:2120 - WatchdogStartValueCCU not found: check if there is a RefParameter without a condition.
2024-07-18 20:04:01,614 [INFO] CodeEngine:255 - oldGeneratedFile, /home/rahul/STM32CubeIDE/neural_net_on_mcu/mnist_snn/MXTmpFiles/license.tmp_save
2024-07-18 20:04:01,766 [INFO] CodeEngine:279 - Generated code: /home/rahul/STM32CubeIDE/neural_net_on_mcu/mnist_snn/MXTmpFiles/license.tmp
2024-07-18 20:04:02,254 [INFO] CodeEngine:255 - oldGeneratedFile, /home/rahul/STM32CubeIDE/neural_net_on_mcu/mnist_snn/MXTmpFiles/gpio.tmp_save
2024-07-18 20:04:02,335 [INFO] CodeEngine:279 - Generated code: /home/rahul/STM32CubeIDE/neural_net_on_mcu/mnist_snn/MXTmpFiles/gpio.tmp
2024-07-18 20:04:03,968 [WARN] IPConfigManager:98 - WARNING: Missing Config File for DEBUG ip!!
2024-07-18 20:04:08,319 [WARN] IPConfigManager:98 - WARNING: Missing Config File for USB ip!!
2024-07-18 20:04:08,595 [INFO] CodeEngine:255 - oldGeneratedFile, /home/rahul/STM32CubeIDE/neural_net_on_mcu/mnist_snn/MXTmpFiles/cortex.tmp_save
2024-07-18 20:04:08,657 [INFO] CodeEngine:279 - Generated code: /home/rahul/STM32CubeIDE/neural_net_on_mcu/mnist_snn/MXTmpFiles/cortex.tmp
2024-07-18 20:04:08,665 [INFO] CodeEngine:255 - oldGeneratedFile, /home/rahul/STM32CubeIDE/neural_net_on_mcu/mnist_snn/MXTmpFiles/sai_init.tmp_save
2024-07-18 20:04:08,728 [INFO] CodeEngine:279 - Generated code: /home/rahul/STM32CubeIDE/neural_net_on_mcu/mnist_snn/MXTmpFiles/sai_init.tmp
2024-07-18 20:04:08,730 [INFO] CodeEngine:255 - oldGeneratedFile, /home/rahul/STM32CubeIDE/neural_net_on_mcu/mnist_snn/MXTmpFiles/sai_GV.tmp_save
2024-07-18 20:04:08,801 [INFO] CodeEngine:279 - Generated code: /home/rahul/STM32CubeIDE/neural_net_on_mcu/mnist_snn/MXTmpFiles/sai_GV.tmp
2024-07-18 20:04:08,803 [INFO] CodeEngine:255 - oldGeneratedFile, /home/rahul/STM32CubeIDE/neural_net_on_mcu/mnist_snn/MXTmpFiles/sai_msp.tmp_save
2024-07-18 20:04:08,867 [INFO] CodeEngine:279 - Generated code: /home/rahul/STM32CubeIDE/neural_net_on_mcu/mnist_snn/MXTmpFiles/sai_msp.tmp
2024-07-18 20:04:08,899 [INFO] CodeEngine:255 - oldGeneratedFile, /home/rahul/STM32CubeIDE/neural_net_on_mcu/mnist_snn/Core/Src/stm32h7xx_it.c_save
2024-07-18 20:04:09,034 [INFO] CodeEngine:279 - Generated code: /home/rahul/STM32CubeIDE/neural_net_on_mcu/mnist_snn/Core/Src/stm32h7xx_it.c
2024-07-18 20:04:09,036 [INFO] CodeEngine:255 - oldGeneratedFile, /home/rahul/STM32CubeIDE/neural_net_on_mcu/mnist_snn/Core/Inc/stm32h7xx_it.h_save
2024-07-18 20:04:09,090 [INFO] CodeEngine:279 - Generated code: /home/rahul/STM32CubeIDE/neural_net_on_mcu/mnist_snn/Core/Inc/stm32h7xx_it.h
2024-07-18 20:04:09,093 [INFO] CodeEngine:255 - oldGeneratedFile, /home/rahul/STM32CubeIDE/neural_net_on_mcu/mnist_snn/MXTmpFiles/sai_init.tmp_save
2024-07-18 20:04:09,152 [INFO] CodeEngine:279 - Generated code: /home/rahul/STM32CubeIDE/neural_net_on_mcu/mnist_snn/MXTmpFiles/sai_init.tmp
2024-07-18 20:04:09,153 [INFO] CodeEngine:255 - oldGeneratedFile, /home/rahul/STM32CubeIDE/neural_net_on_mcu/mnist_snn/MXTmpFiles/sai_GV.tmp_save
2024-07-18 20:04:09,193 [INFO] CodeEngine:279 - Generated code: /home/rahul/STM32CubeIDE/neural_net_on_mcu/mnist_snn/MXTmpFiles/sai_GV.tmp
2024-07-18 20:04:09,194 [INFO] CodeEngine:255 - oldGeneratedFile, /home/rahul/STM32CubeIDE/neural_net_on_mcu/mnist_snn/MXTmpFiles/sai_msp.tmp_save
2024-07-18 20:04:09,244 [INFO] CodeEngine:279 - Generated code: /home/rahul/STM32CubeIDE/neural_net_on_mcu/mnist_snn/MXTmpFiles/sai_msp.tmp
2024-07-18 20:04:09,784 [INFO] CodeEngine:255 - oldGeneratedFile, /home/rahul/STM32CubeIDE/neural_net_on_mcu/mnist_snn/Core/Src/stm32h7xx_hal_msp.c_save
2024-07-18 20:04:09,875 [INFO] CodeEngine:279 - Generated code: /home/rahul/STM32CubeIDE/neural_net_on_mcu/mnist_snn/Core/Src/stm32h7xx_hal_msp.c
2024-07-18 20:04:09,877 [INFO] CodeEngine:255 - oldGeneratedFile, /home/rahul/STM32CubeIDE/neural_net_on_mcu/mnist_snn/MXTmpFiles/system.tmp_save
2024-07-18 20:04:09,925 [INFO] CodeEngine:279 - Generated code: /home/rahul/STM32CubeIDE/neural_net_on_mcu/mnist_snn/MXTmpFiles/system.tmp
2024-07-18 20:04:09,927 [INFO] CodeEngine:311 - oldGeneratedFile, /home/rahul/STM32CubeIDE/neural_net_on_mcu/mnist_snn/Core/Inc/stm32h7xx_hal_conf.h_save
2024-07-18 20:04:09,979 [INFO] CodeEngine:335 - Generated code: /home/rahul/STM32CubeIDE/neural_net_on_mcu/mnist_snn/Core/Inc/stm32h7xx_hal_conf.h
2024-07-18 20:04:10,011 [WARN] IPConfigManager:3513 - IP not found : TIM
2024-07-18 20:04:10,011 [WARN] IPConfigManager:3513 - IP not found : USB_OTG
2024-07-18 20:04:10,012 [WARN] CodeGenerator:3951 - IP not found : null
2024-07-18 20:04:10,012 [WARN] CodeGenerator:3951 - IP not found : null
2024-07-18 20:04:10,015 [INFO] CodeEngine:255 - oldGeneratedFile, /home/rahul/STM32CubeIDE/neural_net_on_mcu/mnist_snn/Core/Inc/main.h_save
2024-07-18 20:04:10,074 [INFO] CodeEngine:279 - Generated code: /home/rahul/STM32CubeIDE/neural_net_on_mcu/mnist_snn/Core/Inc/main.h
2024-07-18 20:04:10,075 [INFO] CodeEngine:255 - oldGeneratedFile, /home/rahul/STM32CubeIDE/neural_net_on_mcu/mnist_snn/Core/Src/main.c_save
2024-07-18 20:04:10,171 [INFO] CodeEngine:279 - Generated code: /home/rahul/STM32CubeIDE/neural_net_on_mcu/mnist_snn/Core/Src/main.c
2024-07-18 20:04:10,395 [INFO] ProjectBuilder:3163 - Time for Copy HAL[1] : 71mS.
2024-07-18 20:04:10,399 [INFO] ProjectBuilder:4736 - Project Generator version: 4.3.0-B58
2024-07-18 20:04:10,516 [INFO] ConfigFileManager:1503 - The Die is : DIE483
2024-07-18 20:04:10,518 [INFO] ApiDbMcu:508 - Load IP Config File for FATFS
2024-07-18 20:04:10,521 [INFO] ApiDbMcu:508 - Load IP Config File for FREERTOS
2024-07-18 20:04:10,522 [INFO] ApiDbMcu:508 - Load IP Config File for LIBJPEG
2024-07-18 20:04:10,526 [INFO] ApiDbMcu:508 - Load IP Config File for LWIP
2024-07-18 20:04:10,530 [INFO] ApiDbMcu:508 - Load IP Config File for MBEDTLS
2024-07-18 20:04:10,536 [INFO] ApiDbMcu:508 - Load IP Config File for USB_DEVICE
2024-07-18 20:04:10,539 [INFO] ApiDbMcu:508 - Load IP Config File for USB_HOST
2024-07-18 20:04:12,147 [INFO] ProjectBuilder:5002 - Time for Generating toolchain IDE Files: 1748mS.
2024-07-18 20:04:12,147 [INFO] ProjectBuilder:3034 - Time for Copy CMSIS : 0mS.
2024-07-18 20:04:12,148 [INFO] ProjectBuilder:3034 - Time for Copy CMSIS : 0mS.
2024-07-18 20:04:13,041 [INFO] McuFinderGlobals:76 - Set McuFinderConnectedMode to true
2024-07-18 20:04:13,043 [INFO] ApiDb:448 - Save user favorites file /home/rahul/.stm32cubeide/favorites.mcus.txt: 0 item(s)
2024-07-18 20:04:13,043 [INFO] ApiDb:452 - User favorites MCUs=[]
2024-07-18 20:04:13,044 [INFO] ApiDb:448 - Save user favorites file /home/rahul/.stm32cubeide/favorites.boards.txt: 1 item(s)
2024-07-18 20:04:13,045 [INFO] ApiDb:452 - User favorites Boards=[STM32F746G-DISCO]
